<?xml version="1.0" encoding="UTF-8"?>
<testsuite name="com.jpa.yanus.YanusApplicationTests" tests="1" skipped="0" failures="0" errors="0" timestamp="2025-05-27T11:09:26" hostname="rickyui-MacBookAir.local" time="0.139">
  <properties/>
  <testcase name="contextLoads()" classname="com.jpa.yanus.YanusApplicationTests" time="0.139"/>
  <system-out><![CDATA[20:09:19.152 [Test worker] DEBUG org.springframework.test.context.BootstrapUtils - Instantiating CacheAwareContextLoaderDelegate from class [org.springframework.test.context.cache.DefaultCacheAwareContextLoaderDelegate]
20:09:19.166 [Test worker] DEBUG org.springframework.test.context.BootstrapUtils - Instantiating BootstrapContext using constructor [public org.springframework.test.context.support.DefaultBootstrapContext(java.lang.Class,org.springframework.test.context.CacheAwareContextLoaderDelegate)]
20:09:19.226 [Test worker] DEBUG org.springframework.test.context.BootstrapUtils - Instantiating TestContextBootstrapper for test class [com.jpa.yanus.YanusApplicationTests] from class [org.springframework.boot.test.context.SpringBootTestContextBootstrapper]
20:09:19.235 [Test worker] INFO org.springframework.boot.test.context.SpringBootTestContextBootstrapper - Neither @ContextConfiguration nor @ContextHierarchy found for test class [com.jpa.yanus.YanusApplicationTests], using SpringBootContextLoader
20:09:19.240 [Test worker] DEBUG org.springframework.test.context.support.AbstractContextLoader - Did not detect default resource location for test class [com.jpa.yanus.YanusApplicationTests]: class path resource [com/jpa/yanus/YanusApplicationTests-context.xml] does not exist
20:09:19.240 [Test worker] DEBUG org.springframework.test.context.support.AbstractContextLoader - Did not detect default resource location for test class [com.jpa.yanus.YanusApplicationTests]: class path resource [com/jpa/yanus/YanusApplicationTestsContext.groovy] does not exist
20:09:19.241 [Test worker] INFO org.springframework.test.context.support.AbstractContextLoader - Could not detect default resource locations for test class [com.jpa.yanus.YanusApplicationTests]: no resource found for suffixes {-context.xml, Context.groovy}.
20:09:19.241 [Test worker] INFO org.springframework.test.context.support.AnnotationConfigContextLoaderUtils - Could not detect default configuration classes for test class [com.jpa.yanus.YanusApplicationTests]: YanusApplicationTests does not declare any static, non-private, non-final, nested classes annotated with @Configuration.
20:09:19.292 [Test worker] DEBUG org.springframework.test.context.support.ActiveProfilesUtils - Could not find an 'annotation declaring class' for annotation type [org.springframework.test.context.ActiveProfiles] and class [com.jpa.yanus.YanusApplicationTests]
20:09:19.362 [Test worker] DEBUG org.springframework.context.annotation.ClassPathScanningCandidateComponentProvider - Identified candidate component class: file [/Users/rickyhong/Desktop/yanus/build/classes/java/main/com/jpa/yanus/YanusApplication.class]
20:09:19.364 [Test worker] INFO org.springframework.boot.test.context.SpringBootTestContextBootstrapper - Found @SpringBootConfiguration com.jpa.yanus.YanusApplication for test class com.jpa.yanus.YanusApplicationTests
20:09:19.455 [Test worker] DEBUG org.springframework.boot.test.context.SpringBootTestContextBootstrapper - @TestExecutionListeners is not present for class [com.jpa.yanus.YanusApplicationTests]: using defaults.
20:09:19.456 [Test worker] INFO org.springframework.boot.test.context.SpringBootTestContextBootstrapper - Loaded default TestExecutionListener class names from location [META-INF/spring.factories]: [org.springframework.boot.test.autoconfigure.restdocs.RestDocsTestExecutionListener, org.springframework.boot.test.autoconfigure.web.client.MockRestServiceServerResetTestExecutionListener, org.springframework.boot.test.autoconfigure.web.servlet.MockMvcPrintOnlyOnFailureTestExecutionListener, org.springframework.boot.test.autoconfigure.web.servlet.WebDriverTestExecutionListener, org.springframework.boot.test.autoconfigure.webservices.client.MockWebServiceServerTestExecutionListener, org.springframework.boot.test.mock.mockito.MockitoTestExecutionListener, org.springframework.boot.test.mock.mockito.ResetMocksTestExecutionListener, org.springframework.test.context.web.ServletTestExecutionListener, org.springframework.test.context.support.DirtiesContextBeforeModesTestExecutionListener, org.springframework.test.context.event.ApplicationEventsTestExecutionListener, org.springframework.test.context.support.DependencyInjectionTestExecutionListener, org.springframework.test.context.support.DirtiesContextTestExecutionListener, org.springframework.test.context.transaction.TransactionalTestExecutionListener, org.springframework.test.context.jdbc.SqlScriptsTestExecutionListener, org.springframework.test.context.event.EventPublishingTestExecutionListener]
20:09:19.472 [Test worker] INFO org.springframework.boot.test.context.SpringBootTestContextBootstrapper - Using TestExecutionListeners: [org.springframework.test.context.web.ServletTestExecutionListener@6e0ff644, org.springframework.test.context.support.DirtiesContextBeforeModesTestExecutionListener@58dea0a5, org.springframework.test.context.event.ApplicationEventsTestExecutionListener@2a2bb0eb, org.springframework.boot.test.mock.mockito.MockitoTestExecutionListener@3c291aad, org.springframework.boot.test.autoconfigure.SpringBootDependencyInjectionTestExecutionListener@2d0566ba, org.springframework.test.context.support.DirtiesContextTestExecutionListener@733037, org.springframework.test.context.transaction.TransactionalTestExecutionListener@7728643a, org.springframework.test.context.jdbc.SqlScriptsTestExecutionListener@320e400, org.springframework.test.context.event.EventPublishingTestExecutionListener@5167268, org.springframework.boot.test.autoconfigure.restdocs.RestDocsTestExecutionListener@1cfd1875, org.springframework.boot.test.autoconfigure.web.client.MockRestServiceServerResetTestExecutionListener@28c0b664, org.springframework.boot.test.autoconfigure.web.servlet.MockMvcPrintOnlyOnFailureTestExecutionListener@2c444798, org.springframework.boot.test.autoconfigure.web.servlet.WebDriverTestExecutionListener@1af7f54a, org.springframework.boot.test.autoconfigure.webservices.client.MockWebServiceServerTestExecutionListener@6ebd78d1, org.springframework.boot.test.mock.mockito.ResetMocksTestExecutionListener@436390f4]
20:09:19.474 [Test worker] DEBUG org.springframework.test.context.support.AbstractDirtiesContextTestExecutionListener - Before test class: context [DefaultTestContext@7577b641 testClass = YanusApplicationTests, testInstance = [null], testMethod = [null], testException = [null], mergedContextConfiguration = [WebMergedContextConfiguration@3704122f testClass = YanusApplicationTests, locations = '{}', classes = '{class com.jpa.yanus.YanusApplication}', contextInitializerClasses = '[]', activeProfiles = '{}', propertySourceLocations = '{}', propertySourceProperties = '{org.springframework.boot.test.context.SpringBootTestContextBootstrapper=true}', contextCustomizers = set[org.springframework.boot.test.autoconfigure.actuate.metrics.MetricsExportContextCustomizerFactory$DisableMetricExportContextCustomizer@4d18aa28, org.springframework.boot.test.autoconfigure.properties.PropertyMappingContextCustomizer@0, org.springframework.boot.test.autoconfigure.web.servlet.WebDriverContextCustomizerFactory$Customizer@10c626be, org.springframework.boot.test.context.filter.ExcludeFilterContextCustomizer@201b6b6f, org.springframework.boot.test.json.DuplicateJsonObjectContextCustomizerFactory$DuplicateJsonObjectContextCustomizer@67ab1c47, org.springframework.boot.test.mock.mockito.MockitoContextCustomizer@0, org.springframework.boot.test.web.client.TestRestTemplateContextCustomizer@14b030a0, org.springframework.boot.test.context.SpringBootTestArgs@1, org.springframework.boot.test.context.SpringBootTestWebEnvironment@70e38ce1], resourceBasePath = 'src/main/webapp', contextLoader = 'org.springframework.boot.test.context.SpringBootContextLoader', parent = [null]], attributes = map['org.springframework.test.context.web.ServletTestExecutionListener.activateListener' -> true]], class annotated with @DirtiesContext [false] with mode [null].

  .   ____          _            __ _ _
 /\\ / ___'_ __ _ _(_)_ __  __ _ \ \ \ \
( ( )\___ | '_ | '_| | '_ \/ _` | \ \ \ \
 \\/  ___)| |_)| | | | | || (_| |  ) ) ) )
  '  |____| .__|_| |_|_| |_\__, | / / / /
 =========|_|==============|___/=/_/_/_/
?[32m :: Spring Boot :: ?[39m              ?[2m (v2.7.5)?[0;39m

?[2m2025-05-27 20:09:20.102?[0;39m ?[32m INFO?[0;39m ?[35m12102?[0;39m ?[2m---?[0;39m ?[2m[    Test worker]?[0;39m ?[36mcom.jpa.yanus.YanusApplicationTests     ?[0;39m ?[2m:?[0;39m Starting YanusApplicationTests using Java 11.0.15 on rickyui-MacBookAir.local with PID 12102 (started by rickyhong in /Users/rickyhong/Desktop/yanus)
?[2m2025-05-27 20:09:20.103?[0;39m ?[32m INFO?[0;39m ?[35m12102?[0;39m ?[2m---?[0;39m ?[2m[    Test worker]?[0;39m ?[36mcom.jpa.yanus.YanusApplicationTests     ?[0;39m ?[2m:?[0;39m No active profile set, falling back to 1 default profile: "default"
?[2m2025-05-27 20:09:21.285?[0;39m ?[32m INFO?[0;39m ?[35m12102?[0;39m ?[2m---?[0;39m ?[2m[    Test worker]?[0;39m ?[36m.s.d.r.c.RepositoryConfigurationDelegate?[0;39m ?[2m:?[0;39m Bootstrapping Spring Data JPA repositories in DEFAULT mode.
?[2m2025-05-27 20:09:21.563?[0;39m ?[32m INFO?[0;39m ?[35m12102?[0;39m ?[2m---?[0;39m ?[2m[    Test worker]?[0;39m ?[36m.s.d.r.c.RepositoryConfigurationDelegate?[0;39m ?[2m:?[0;39m Finished Spring Data repository scanning in 270 ms. Found 4 JPA repository interfaces.
?[2m2025-05-27 20:09:22.123?[0;39m ?[32m INFO?[0;39m ?[35m12102?[0;39m ?[2m---?[0;39m ?[2m[    Test worker]?[0;39m ?[36mtrationDelegate$BeanPostProcessorChecker?[0;39m ?[2m:?[0;39m Bean 'org.springframework.ws.config.annotation.DelegatingWsConfiguration' of type [org.springframework.ws.config.annotation.DelegatingWsConfiguration$$EnhancerBySpringCGLIB$$a40ad875] is not eligible for getting processed by all BeanPostProcessors (for example: not eligible for auto-proxying)
?[2m2025-05-27 20:09:22.216?[0;39m ?[32m INFO?[0;39m ?[35m12102?[0;39m ?[2m---?[0;39m ?[2m[    Test worker]?[0;39m ?[36m.w.s.a.s.AnnotationActionEndpointMapping?[0;39m ?[2m:?[0;39m Supporting [WS-Addressing August 2004, WS-Addressing 1.0]
?[2m2025-05-27 20:09:22.703?[0;39m ?[32m INFO?[0;39m ?[35m12102?[0;39m ?[2m---?[0;39m ?[2m[    Test worker]?[0;39m ?[36mo.hibernate.jpa.internal.util.LogHelper ?[0;39m ?[2m:?[0;39m HHH000204: Processing PersistenceUnitInfo [name: default]
?[2m2025-05-27 20:09:22.752?[0;39m ?[32m INFO?[0;39m ?[35m12102?[0;39m ?[2m---?[0;39m ?[2m[    Test worker]?[0;39m ?[36morg.hibernate.Version                   ?[0;39m ?[2m:?[0;39m HHH000412: Hibernate ORM core version 5.6.12.Final
?[2m2025-05-27 20:09:22.907?[0;39m ?[32m INFO?[0;39m ?[35m12102?[0;39m ?[2m---?[0;39m ?[2m[    Test worker]?[0;39m ?[36mo.hibernate.annotations.common.Version  ?[0;39m ?[2m:?[0;39m HCANN000001: Hibernate Commons Annotations {5.1.2.Final}
?[2m2025-05-27 20:09:23.018?[0;39m ?[32m INFO?[0;39m ?[35m12102?[0;39m ?[2m---?[0;39m ?[2m[    Test worker]?[0;39m ?[36mcom.zaxxer.hikari.HikariDataSource      ?[0;39m ?[2m:?[0;39m HikariPool-1 - Starting...
?[2m2025-05-27 20:09:23.338?[0;39m ?[32m INFO?[0;39m ?[35m12102?[0;39m ?[2m---?[0;39m ?[2m[    Test worker]?[0;39m ?[36mcom.zaxxer.hikari.HikariDataSource      ?[0;39m ?[2m:?[0;39m HikariPool-1 - Start completed.
?[2m2025-05-27 20:09:23.362?[0;39m ?[32m INFO?[0;39m ?[35m12102?[0;39m ?[2m---?[0;39m ?[2m[    Test worker]?[0;39m ?[36morg.hibernate.dialect.Dialect           ?[0;39m ?[2m:?[0;39m HHH000400: Using dialect: org.hibernate.dialect.MySQL8Dialect
?[2m2025-05-27 20:09:24.389?[0;39m ?[32m INFO?[0;39m ?[35m12102?[0;39m ?[2m---?[0;39m ?[2m[    Test worker]?[0;39m ?[36mo.h.e.t.j.p.i.JtaPlatformInitiator      ?[0;39m ?[2m:?[0;39m HHH000490: Using JtaPlatform implementation: [org.hibernate.engine.transaction.jta.platform.internal.NoJtaPlatform]
?[2m2025-05-27 20:09:24.401?[0;39m ?[32m INFO?[0;39m ?[35m12102?[0;39m ?[2m---?[0;39m ?[2m[    Test worker]?[0;39m ?[36mj.LocalContainerEntityManagerFactoryBean?[0;39m ?[2m:?[0;39m Initialized JPA EntityManagerFactory for persistence unit 'default'
?[2m2025-05-27 20:09:25.700?[0;39m ?[33m WARN?[0;39m ?[35m12102?[0;39m ?[2m---?[0;39m ?[2m[    Test worker]?[0;39m ?[36mJpaBaseConfiguration$JpaWebConfiguration?[0;39m ?[2m:?[0;39m spring.jpa.open-in-view is enabled by default. Therefore, database queries may be performed during view rendering. Explicitly configure spring.jpa.open-in-view to disable this warning
?[2m2025-05-27 20:09:26.691?[0;39m ?[32m INFO?[0;39m ?[35m12102?[0;39m ?[2m---?[0;39m ?[2m[    Test worker]?[0;39m ?[36mcom.jpa.yanus.YanusApplicationTests     ?[0;39m ?[2m:?[0;39m Started YanusApplicationTests in 7.121 seconds (JVM running for 8.798)
]]></system-out>
  <system-err><![CDATA[]]></system-err>
</testsuite>
