<?xml version="1.0" encoding="UTF-8"?>
<testsuite name="com.jpa.yanus.entityTest.MemberTest" tests="1" skipped="0" failures="0" errors="0" timestamp="2024-01-10T02:25:30" hostname="rickyui-MacBookAir.local" time="0.29">
  <properties/>
  <testcase name="findByMemberId()" classname="com.jpa.yanus.entityTest.MemberTest" time="0.29"/>
  <system-out><![CDATA[11:25:23.264 [Test worker] DEBUG org.springframework.test.context.BootstrapUtils - Instantiating CacheAwareContextLoaderDelegate from class [org.springframework.test.context.cache.DefaultCacheAwareContextLoaderDelegate]
11:25:23.275 [Test worker] DEBUG org.springframework.test.context.BootstrapUtils - Instantiating BootstrapContext using constructor [public org.springframework.test.context.support.DefaultBootstrapContext(java.lang.Class,org.springframework.test.context.CacheAwareContextLoaderDelegate)]
11:25:23.312 [Test worker] DEBUG org.springframework.test.context.BootstrapUtils - Instantiating TestContextBootstrapper for test class [com.jpa.yanus.entityTest.MemberTest] from class [org.springframework.boot.test.context.SpringBootTestContextBootstrapper]
11:25:23.321 [Test worker] INFO org.springframework.boot.test.context.SpringBootTestContextBootstrapper - Neither @ContextConfiguration nor @ContextHierarchy found for test class [com.jpa.yanus.entityTest.MemberTest], using SpringBootContextLoader
11:25:23.325 [Test worker] DEBUG org.springframework.test.context.support.AbstractContextLoader - Did not detect default resource location for test class [com.jpa.yanus.entityTest.MemberTest]: class path resource [com/jpa/yanus/entityTest/MemberTest-context.xml] does not exist
11:25:23.328 [Test worker] DEBUG org.springframework.test.context.support.AbstractContextLoader - Did not detect default resource location for test class [com.jpa.yanus.entityTest.MemberTest]: class path resource [com/jpa/yanus/entityTest/MemberTestContext.groovy] does not exist
11:25:23.328 [Test worker] INFO org.springframework.test.context.support.AbstractContextLoader - Could not detect default resource locations for test class [com.jpa.yanus.entityTest.MemberTest]: no resource found for suffixes {-context.xml, Context.groovy}.
11:25:23.329 [Test worker] INFO org.springframework.test.context.support.AnnotationConfigContextLoaderUtils - Could not detect default configuration classes for test class [com.jpa.yanus.entityTest.MemberTest]: MemberTest does not declare any static, non-private, non-final, nested classes annotated with @Configuration.
11:25:23.386 [Test worker] DEBUG org.springframework.test.context.support.ActiveProfilesUtils - Could not find an 'annotation declaring class' for annotation type [org.springframework.test.context.ActiveProfiles] and class [com.jpa.yanus.entityTest.MemberTest]
11:25:23.462 [Test worker] DEBUG org.springframework.context.annotation.ClassPathScanningCandidateComponentProvider - Identified candidate component class: file [/Users/rickyhong/Desktop/Projects/testforcicd/build/classes/java/main/com/jpa/yanus/YanusApplication.class]
11:25:23.464 [Test worker] INFO org.springframework.boot.test.context.SpringBootTestContextBootstrapper - Found @SpringBootConfiguration com.jpa.yanus.YanusApplication for test class com.jpa.yanus.entityTest.MemberTest
11:25:23.538 [Test worker] DEBUG org.springframework.boot.test.context.SpringBootTestContextBootstrapper - @TestExecutionListeners is not present for class [com.jpa.yanus.entityTest.MemberTest]: using defaults.
11:25:23.538 [Test worker] INFO org.springframework.boot.test.context.SpringBootTestContextBootstrapper - Loaded default TestExecutionListener class names from location [META-INF/spring.factories]: [org.springframework.boot.test.autoconfigure.restdocs.RestDocsTestExecutionListener, org.springframework.boot.test.autoconfigure.web.client.MockRestServiceServerResetTestExecutionListener, org.springframework.boot.test.autoconfigure.web.servlet.MockMvcPrintOnlyOnFailureTestExecutionListener, org.springframework.boot.test.autoconfigure.web.servlet.WebDriverTestExecutionListener, org.springframework.boot.test.autoconfigure.webservices.client.MockWebServiceServerTestExecutionListener, org.springframework.boot.test.mock.mockito.MockitoTestExecutionListener, org.springframework.boot.test.mock.mockito.ResetMocksTestExecutionListener, org.springframework.test.context.web.ServletTestExecutionListener, org.springframework.test.context.support.DirtiesContextBeforeModesTestExecutionListener, org.springframework.test.context.event.ApplicationEventsTestExecutionListener, org.springframework.test.context.support.DependencyInjectionTestExecutionListener, org.springframework.test.context.support.DirtiesContextTestExecutionListener, org.springframework.test.context.transaction.TransactionalTestExecutionListener, org.springframework.test.context.jdbc.SqlScriptsTestExecutionListener, org.springframework.test.context.event.EventPublishingTestExecutionListener]
11:25:23.551 [Test worker] INFO org.springframework.boot.test.context.SpringBootTestContextBootstrapper - Using TestExecutionListeners: [org.springframework.test.context.web.ServletTestExecutionListener@28a2a3e7, org.springframework.test.context.support.DirtiesContextBeforeModesTestExecutionListener@3f2049b6, org.springframework.test.context.event.ApplicationEventsTestExecutionListener@10b3df93, org.springframework.boot.test.mock.mockito.MockitoTestExecutionListener@ea27e34, org.springframework.boot.test.autoconfigure.SpringBootDependencyInjectionTestExecutionListener@33a2499c, org.springframework.test.context.support.DirtiesContextTestExecutionListener@e72dba7, org.springframework.test.context.transaction.TransactionalTestExecutionListener@33c2bd, org.springframework.test.context.jdbc.SqlScriptsTestExecutionListener@1dfd5f51, org.springframework.test.context.event.EventPublishingTestExecutionListener@3c321bdb, org.springframework.boot.test.autoconfigure.restdocs.RestDocsTestExecutionListener@24855019, org.springframework.boot.test.autoconfigure.web.client.MockRestServiceServerResetTestExecutionListener@3abd581e, org.springframework.boot.test.autoconfigure.web.servlet.MockMvcPrintOnlyOnFailureTestExecutionListener@4d4d8fcf, org.springframework.boot.test.autoconfigure.web.servlet.WebDriverTestExecutionListener@610db97e, org.springframework.boot.test.autoconfigure.webservices.client.MockWebServiceServerTestExecutionListener@6f0628de, org.springframework.boot.test.mock.mockito.ResetMocksTestExecutionListener@3fabf088]
11:25:23.556 [Test worker] DEBUG org.springframework.test.context.support.AbstractDirtiesContextTestExecutionListener - Before test class: context [DefaultTestContext@6ca320ab testClass = MemberTest, testInstance = [null], testMethod = [null], testException = [null], mergedContextConfiguration = [WebMergedContextConfiguration@50d68830 testClass = MemberTest, locations = '{}', classes = '{class com.jpa.yanus.YanusApplication}', contextInitializerClasses = '[]', activeProfiles = '{}', propertySourceLocations = '{}', propertySourceProperties = '{org.springframework.boot.test.context.SpringBootTestContextBootstrapper=true}', contextCustomizers = set[org.springframework.boot.test.autoconfigure.actuate.metrics.MetricsExportContextCustomizerFactory$DisableMetricExportContextCustomizer@75459c75, org.springframework.boot.test.autoconfigure.properties.PropertyMappingContextCustomizer@0, org.springframework.boot.test.autoconfigure.web.servlet.WebDriverContextCustomizerFactory$Customizer@d8305c2, org.springframework.boot.test.context.filter.ExcludeFilterContextCustomizer@531c311e, org.springframework.boot.test.json.DuplicateJsonObjectContextCustomizerFactory$DuplicateJsonObjectContextCustomizer@4b672daa, org.springframework.boot.test.mock.mockito.MockitoContextCustomizer@0, org.springframework.boot.test.web.client.TestRestTemplateContextCustomizer@354fc8f0, org.springframework.boot.test.context.SpringBootTestArgs@1, org.springframework.boot.test.context.SpringBootTestWebEnvironment@2dc9b0f5], resourceBasePath = 'src/main/webapp', contextLoader = 'org.springframework.boot.test.context.SpringBootContextLoader', parent = [null]], attributes = map['org.springframework.test.context.web.ServletTestExecutionListener.activateListener' -> true]], class annotated with @DirtiesContext [false] with mode [null].

  .   ____          _            __ _ _
 /\\ / ___'_ __ _ _(_)_ __  __ _ \ \ \ \
( ( )\___ | '_ | '_| | '_ \/ _` | \ \ \ \
 \\/  ___)| |_)| | | | | || (_| |  ) ) ) )
  '  |____| .__|_| |_|_| |_\__, | / / / /
 =========|_|==============|___/=/_/_/_/
?[32m :: Spring Boot :: ?[39m              ?[2m (v2.7.5)?[0;39m

?[2m2024-01-10 11:25:24.212?[0;39m ?[32m INFO?[0;39m ?[35m89563?[0;39m ?[2m---?[0;39m ?[2m[    Test worker]?[0;39m ?[36mcom.jpa.yanus.entityTest.MemberTest     ?[0;39m ?[2m:?[0;39m Starting MemberTest using Java 11.0.15 on rickyui-MacBookAir.local with PID 89563 (started by rickyhong in /Users/rickyhong/Desktop/Projects/testforcicd)
?[2m2024-01-10 11:25:24.215?[0;39m ?[32m INFO?[0;39m ?[35m89563?[0;39m ?[2m---?[0;39m ?[2m[    Test worker]?[0;39m ?[36mcom.jpa.yanus.entityTest.MemberTest     ?[0;39m ?[2m:?[0;39m No active profile set, falling back to 1 default profile: "default"
?[2m2024-01-10 11:25:25.255?[0;39m ?[32m INFO?[0;39m ?[35m89563?[0;39m ?[2m---?[0;39m ?[2m[    Test worker]?[0;39m ?[36m.s.d.r.c.RepositoryConfigurationDelegate?[0;39m ?[2m:?[0;39m Bootstrapping Spring Data JPA repositories in DEFAULT mode.
?[2m2024-01-10 11:25:25.505?[0;39m ?[32m INFO?[0;39m ?[35m89563?[0;39m ?[2m---?[0;39m ?[2m[    Test worker]?[0;39m ?[36m.s.d.r.c.RepositoryConfigurationDelegate?[0;39m ?[2m:?[0;39m Finished Spring Data repository scanning in 243 ms. Found 3 JPA repository interfaces.
?[2m2024-01-10 11:25:25.989?[0;39m ?[32m INFO?[0;39m ?[35m89563?[0;39m ?[2m---?[0;39m ?[2m[    Test worker]?[0;39m ?[36mtrationDelegate$BeanPostProcessorChecker?[0;39m ?[2m:?[0;39m Bean 'org.springframework.ws.config.annotation.DelegatingWsConfiguration' of type [org.springframework.ws.config.annotation.DelegatingWsConfiguration$$EnhancerBySpringCGLIB$$3bba84d0] is not eligible for getting processed by all BeanPostProcessors (for example: not eligible for auto-proxying)
?[2m2024-01-10 11:25:26.065?[0;39m ?[32m INFO?[0;39m ?[35m89563?[0;39m ?[2m---?[0;39m ?[2m[    Test worker]?[0;39m ?[36m.w.s.a.s.AnnotationActionEndpointMapping?[0;39m ?[2m:?[0;39m Supporting [WS-Addressing August 2004, WS-Addressing 1.0]
?[2m2024-01-10 11:25:26.521?[0;39m ?[32m INFO?[0;39m ?[35m89563?[0;39m ?[2m---?[0;39m ?[2m[    Test worker]?[0;39m ?[36mo.hibernate.jpa.internal.util.LogHelper ?[0;39m ?[2m:?[0;39m HHH000204: Processing PersistenceUnitInfo [name: default]
?[2m2024-01-10 11:25:26.583?[0;39m ?[32m INFO?[0;39m ?[35m89563?[0;39m ?[2m---?[0;39m ?[2m[    Test worker]?[0;39m ?[36morg.hibernate.Version                   ?[0;39m ?[2m:?[0;39m HHH000412: Hibernate ORM core version 5.6.12.Final
?[2m2024-01-10 11:25:26.747?[0;39m ?[32m INFO?[0;39m ?[35m89563?[0;39m ?[2m---?[0;39m ?[2m[    Test worker]?[0;39m ?[36mo.hibernate.annotations.common.Version  ?[0;39m ?[2m:?[0;39m HCANN000001: Hibernate Commons Annotations {5.1.2.Final}
?[2m2024-01-10 11:25:26.868?[0;39m ?[32m INFO?[0;39m ?[35m89563?[0;39m ?[2m---?[0;39m ?[2m[    Test worker]?[0;39m ?[36mcom.zaxxer.hikari.HikariDataSource      ?[0;39m ?[2m:?[0;39m HikariPool-1 - Starting...
?[2m2024-01-10 11:25:27.154?[0;39m ?[32m INFO?[0;39m ?[35m89563?[0;39m ?[2m---?[0;39m ?[2m[    Test worker]?[0;39m ?[36mcom.zaxxer.hikari.HikariDataSource      ?[0;39m ?[2m:?[0;39m HikariPool-1 - Start completed.
?[2m2024-01-10 11:25:27.176?[0;39m ?[32m INFO?[0;39m ?[35m89563?[0;39m ?[2m---?[0;39m ?[2m[    Test worker]?[0;39m ?[36morg.hibernate.dialect.Dialect           ?[0;39m ?[2m:?[0;39m HHH000400: Using dialect: org.hibernate.dialect.MySQL8Dialect
?[2m2024-01-10 11:25:28.095?[0;39m ?[32m INFO?[0;39m ?[35m89563?[0;39m ?[2m---?[0;39m ?[2m[    Test worker]?[0;39m ?[36mo.h.e.t.j.p.i.JtaPlatformInitiator      ?[0;39m ?[2m:?[0;39m HHH000490: Using JtaPlatform implementation: [org.hibernate.engine.transaction.jta.platform.internal.NoJtaPlatform]
?[2m2024-01-10 11:25:28.104?[0;39m ?[32m INFO?[0;39m ?[35m89563?[0;39m ?[2m---?[0;39m ?[2m[    Test worker]?[0;39m ?[36mj.LocalContainerEntityManagerFactoryBean?[0;39m ?[2m:?[0;39m Initialized JPA EntityManagerFactory for persistence unit 'default'
?[2m2024-01-10 11:25:29.075?[0;39m ?[33m WARN?[0;39m ?[35m89563?[0;39m ?[2m---?[0;39m ?[2m[    Test worker]?[0;39m ?[36mJpaBaseConfiguration$JpaWebConfiguration?[0;39m ?[2m:?[0;39m spring.jpa.open-in-view is enabled by default. Therefore, database queries may be performed during view rendering. Explicitly configure spring.jpa.open-in-view to disable this warning
?[2m2024-01-10 11:25:29.990?[0;39m ?[32m INFO?[0;39m ?[35m89563?[0;39m ?[2m---?[0;39m ?[2m[    Test worker]?[0;39m ?[36mcom.jpa.yanus.entityTest.MemberTest     ?[0;39m ?[2m:?[0;39m Started MemberTest in 6.325 seconds (JVM running for 7.875)
?[2m2024-01-10 11:25:30.032?[0;39m ?[32m INFO?[0;39m ?[35m89563?[0;39m ?[2m---?[0;39m ?[2m[    Test worker]?[0;39m ?[36mo.s.t.c.transaction.TransactionContext  ?[0;39m ?[2m:?[0;39m Began transaction (1) for test context [DefaultTestContext@6ca320ab testClass = MemberTest, testInstance = com.jpa.yanus.entityTest.MemberTest@14a5d7ee, testMethod = findByMemberId@MemberTest, testException = [null], mergedContextConfiguration = [WebMergedContextConfiguration@50d68830 testClass = MemberTest, locations = '{}', classes = '{class com.jpa.yanus.YanusApplication}', contextInitializerClasses = '[]', activeProfiles = '{}', propertySourceLocations = '{}', propertySourceProperties = '{org.springframework.boot.test.context.SpringBootTestContextBootstrapper=true}', contextCustomizers = set[org.springframework.boot.test.autoconfigure.actuate.metrics.MetricsExportContextCustomizerFactory$DisableMetricExportContextCustomizer@75459c75, org.springframework.boot.test.autoconfigure.properties.PropertyMappingContextCustomizer@0, org.springframework.boot.test.autoconfigure.web.servlet.WebDriverContextCustomizerFactory$Customizer@d8305c2, org.springframework.boot.test.context.filter.ExcludeFilterContextCustomizer@531c311e, org.springframework.boot.test.json.DuplicateJsonObjectContextCustomizerFactory$DuplicateJsonObjectContextCustomizer@4b672daa, org.springframework.boot.test.mock.mockito.MockitoContextCustomizer@0, org.springframework.boot.test.web.client.TestRestTemplateContextCustomizer@354fc8f0, org.springframework.boot.test.context.SpringBootTestArgs@1, org.springframework.boot.test.context.SpringBootTestWebEnvironment@2dc9b0f5], resourceBasePath = 'src/main/webapp', contextLoader = 'org.springframework.boot.test.context.SpringBootContextLoader', parent = [null]], attributes = map['org.springframework.test.context.web.ServletTestExecutionListener.activateListener' -> true, 'org.springframework.test.context.web.ServletTestExecutionListener.populatedRequestContextHolder' -> true, 'org.springframework.test.context.web.ServletTestExecutionListener.resetRequestContextHolder' -> true, 'org.springframework.test.context.event.ApplicationEventsTestExecutionListener.recordApplicationEvents' -> false]]; transaction manager [org.springframework.orm.jpa.JpaTransactionManager@25814d3c]; rollback [false]
Hibernate: 
    select
        member0_.id as id1_1_0_,
        member0_.member_id as member_i2_1_0_,
        member0_.member_name as member_n3_1_0_,
        member0_.member_password as member_p4_1_0_,
        member0_.member_status as member_s5_1_0_,
        member0_.member_team_num as member_t6_1_0_,
        member0_.member_type as member_t7_1_0_ 
    from
        tbl_member member0_ 
    where
        member0_.id=?
?[2m2024-01-10 11:25:30.274?[0;39m ?[32m INFO?[0;39m ?[35m89563?[0;39m ?[2m---?[0;39m ?[2m[    Test worker]?[0;39m ?[36mcom.jpa.yanus.entityTest.MemberTest     ?[0;39m ?[2m:?[0;39m Optional[Member(id=2, memberName=admin, memberId=admin, memberPassword=admin, memberTeamNum=2, memberStatus=WAITING, memberType=ADMIN)]
?[2m2024-01-10 11:25:30.306?[0;39m ?[32m INFO?[0;39m ?[35m89563?[0;39m ?[2m---?[0;39m ?[2m[    Test worker]?[0;39m ?[36mo.s.t.c.transaction.TransactionContext  ?[0;39m ?[2m:?[0;39m Committed transaction for test: [DefaultTestContext@6ca320ab testClass = MemberTest, testInstance = com.jpa.yanus.entityTest.MemberTest@14a5d7ee, testMethod = findByMemberId@MemberTest, testException = [null], mergedContextConfiguration = [WebMergedContextConfiguration@50d68830 testClass = MemberTest, locations = '{}', classes = '{class com.jpa.yanus.YanusApplication}', contextInitializerClasses = '[]', activeProfiles = '{}', propertySourceLocations = '{}', propertySourceProperties = '{org.springframework.boot.test.context.SpringBootTestContextBootstrapper=true}', contextCustomizers = set[org.springframework.boot.test.autoconfigure.actuate.metrics.MetricsExportContextCustomizerFactory$DisableMetricExportContextCustomizer@75459c75, org.springframework.boot.test.autoconfigure.properties.PropertyMappingContextCustomizer@0, org.springframework.boot.test.autoconfigure.web.servlet.WebDriverContextCustomizerFactory$Customizer@d8305c2, org.springframework.boot.test.context.filter.ExcludeFilterContextCustomizer@531c311e, org.springframework.boot.test.json.DuplicateJsonObjectContextCustomizerFactory$DuplicateJsonObjectContextCustomizer@4b672daa, org.springframework.boot.test.mock.mockito.MockitoContextCustomizer@0, org.springframework.boot.test.web.client.TestRestTemplateContextCustomizer@354fc8f0, org.springframework.boot.test.context.SpringBootTestArgs@1, org.springframework.boot.test.context.SpringBootTestWebEnvironment@2dc9b0f5], resourceBasePath = 'src/main/webapp', contextLoader = 'org.springframework.boot.test.context.SpringBootContextLoader', parent = [null]], attributes = map['org.springframework.test.context.web.ServletTestExecutionListener.activateListener' -> true, 'org.springframework.test.context.web.ServletTestExecutionListener.populatedRequestContextHolder' -> true, 'org.springframework.test.context.web.ServletTestExecutionListener.resetRequestContextHolder' -> true, 'org.springframework.test.context.event.ApplicationEventsTestExecutionListener.recordApplicationEvents' -> false]]
]]></system-out>
  <system-err><![CDATA[]]></system-err>
</testsuite>
