<?xml version="1.0" encoding="UTF-8"?>
<testsuite name="com.jpa.yanus.entityTest.AttendanceTest" tests="1" skipped="0" failures="0" errors="0" timestamp="2024-01-24T12:24:59" hostname="rickyui-MacBookAir.local" time="0.544">
  <properties/>
  <testcase name="findWeekAttendanceById()" classname="com.jpa.yanus.entityTest.AttendanceTest" time="0.544"/>
  <system-out><![CDATA[21:24:50.021 [Test worker] DEBUG org.springframework.test.context.BootstrapUtils - Instantiating CacheAwareContextLoaderDelegate from class [org.springframework.test.context.cache.DefaultCacheAwareContextLoaderDelegate]
21:24:50.048 [Test worker] DEBUG org.springframework.test.context.BootstrapUtils - Instantiating BootstrapContext using constructor [public org.springframework.test.context.support.DefaultBootstrapContext(java.lang.Class,org.springframework.test.context.CacheAwareContextLoaderDelegate)]
21:24:50.157 [Test worker] DEBUG org.springframework.test.context.BootstrapUtils - Instantiating TestContextBootstrapper for test class [com.jpa.yanus.entityTest.AttendanceTest] from class [org.springframework.boot.test.context.SpringBootTestContextBootstrapper]
21:24:50.172 [Test worker] INFO org.springframework.boot.test.context.SpringBootTestContextBootstrapper - Neither @ContextConfiguration nor @ContextHierarchy found for test class [com.jpa.yanus.entityTest.AttendanceTest], using SpringBootContextLoader
21:24:50.176 [Test worker] DEBUG org.springframework.test.context.support.AbstractContextLoader - Did not detect default resource location for test class [com.jpa.yanus.entityTest.AttendanceTest]: class path resource [com/jpa/yanus/entityTest/AttendanceTest-context.xml] does not exist
21:24:50.179 [Test worker] DEBUG org.springframework.test.context.support.AbstractContextLoader - Did not detect default resource location for test class [com.jpa.yanus.entityTest.AttendanceTest]: class path resource [com/jpa/yanus/entityTest/AttendanceTestContext.groovy] does not exist
21:24:50.180 [Test worker] INFO org.springframework.test.context.support.AbstractContextLoader - Could not detect default resource locations for test class [com.jpa.yanus.entityTest.AttendanceTest]: no resource found for suffixes {-context.xml, Context.groovy}.
21:24:50.180 [Test worker] INFO org.springframework.test.context.support.AnnotationConfigContextLoaderUtils - Could not detect default configuration classes for test class [com.jpa.yanus.entityTest.AttendanceTest]: AttendanceTest does not declare any static, non-private, non-final, nested classes annotated with @Configuration.
21:24:50.288 [Test worker] DEBUG org.springframework.test.context.support.ActiveProfilesUtils - Could not find an 'annotation declaring class' for annotation type [org.springframework.test.context.ActiveProfiles] and class [com.jpa.yanus.entityTest.AttendanceTest]
21:24:50.362 [Test worker] DEBUG org.springframework.context.annotation.ClassPathScanningCandidateComponentProvider - Identified candidate component class: file [/Users/rickyhong/Desktop/Projects/testforcicd/build/classes/java/main/com/jpa/yanus/YanusApplication.class]
21:24:50.368 [Test worker] INFO org.springframework.boot.test.context.SpringBootTestContextBootstrapper - Found @SpringBootConfiguration com.jpa.yanus.YanusApplication for test class com.jpa.yanus.entityTest.AttendanceTest
21:24:50.545 [Test worker] DEBUG org.springframework.boot.test.context.SpringBootTestContextBootstrapper - @TestExecutionListeners is not present for class [com.jpa.yanus.entityTest.AttendanceTest]: using defaults.
21:24:50.548 [Test worker] INFO org.springframework.boot.test.context.SpringBootTestContextBootstrapper - Loaded default TestExecutionListener class names from location [META-INF/spring.factories]: [org.springframework.boot.test.autoconfigure.restdocs.RestDocsTestExecutionListener, org.springframework.boot.test.autoconfigure.web.client.MockRestServiceServerResetTestExecutionListener, org.springframework.boot.test.autoconfigure.web.servlet.MockMvcPrintOnlyOnFailureTestExecutionListener, org.springframework.boot.test.autoconfigure.web.servlet.WebDriverTestExecutionListener, org.springframework.boot.test.autoconfigure.webservices.client.MockWebServiceServerTestExecutionListener, org.springframework.boot.test.mock.mockito.MockitoTestExecutionListener, org.springframework.boot.test.mock.mockito.ResetMocksTestExecutionListener, org.springframework.test.context.web.ServletTestExecutionListener, org.springframework.test.context.support.DirtiesContextBeforeModesTestExecutionListener, org.springframework.test.context.event.ApplicationEventsTestExecutionListener, org.springframework.test.context.support.DependencyInjectionTestExecutionListener, org.springframework.test.context.support.DirtiesContextTestExecutionListener, org.springframework.test.context.transaction.TransactionalTestExecutionListener, org.springframework.test.context.jdbc.SqlScriptsTestExecutionListener, org.springframework.test.context.event.EventPublishingTestExecutionListener]
21:24:50.569 [Test worker] INFO org.springframework.boot.test.context.SpringBootTestContextBootstrapper - Using TestExecutionListeners: [org.springframework.test.context.web.ServletTestExecutionListener@88d6f9b, org.springframework.test.context.support.DirtiesContextBeforeModesTestExecutionListener@47d93e0d, org.springframework.test.context.event.ApplicationEventsTestExecutionListener@475b7792, org.springframework.boot.test.mock.mockito.MockitoTestExecutionListener@751e664e, org.springframework.boot.test.autoconfigure.SpringBootDependencyInjectionTestExecutionListener@160c3ec1, org.springframework.test.context.support.DirtiesContextTestExecutionListener@182b435b, org.springframework.test.context.transaction.TransactionalTestExecutionListener@4d0402b, org.springframework.test.context.jdbc.SqlScriptsTestExecutionListener@2fa7ae9, org.springframework.test.context.event.EventPublishingTestExecutionListener@7577b641, org.springframework.boot.test.autoconfigure.restdocs.RestDocsTestExecutionListener@3704122f, org.springframework.boot.test.autoconfigure.web.client.MockRestServiceServerResetTestExecutionListener@3153ddfc, org.springframework.boot.test.autoconfigure.web.servlet.MockMvcPrintOnlyOnFailureTestExecutionListener@60afd40d, org.springframework.boot.test.autoconfigure.web.servlet.WebDriverTestExecutionListener@28a2a3e7, org.springframework.boot.test.autoconfigure.webservices.client.MockWebServiceServerTestExecutionListener@3f2049b6, org.springframework.boot.test.mock.mockito.ResetMocksTestExecutionListener@10b3df93]
21:24:50.573 [Test worker] DEBUG org.springframework.test.context.support.AbstractDirtiesContextTestExecutionListener - Before test class: context [DefaultTestContext@5a2f016d testClass = AttendanceTest, testInstance = [null], testMethod = [null], testException = [null], mergedContextConfiguration = [WebMergedContextConfiguration@1a38ba58 testClass = AttendanceTest, locations = '{}', classes = '{class com.jpa.yanus.YanusApplication}', contextInitializerClasses = '[]', activeProfiles = '{}', propertySourceLocations = '{}', propertySourceProperties = '{org.springframework.boot.test.context.SpringBootTestContextBootstrapper=true}', contextCustomizers = set[org.springframework.boot.test.autoconfigure.actuate.metrics.MetricsExportContextCustomizerFactory$DisableMetricExportContextCustomizer@2fc0cc3, org.springframework.boot.test.autoconfigure.properties.PropertyMappingContextCustomizer@0, org.springframework.boot.test.autoconfigure.web.servlet.WebDriverContextCustomizerFactory$Customizer@53812a9b, org.springframework.boot.test.context.filter.ExcludeFilterContextCustomizer@d8305c2, org.springframework.boot.test.json.DuplicateJsonObjectContextCustomizerFactory$DuplicateJsonObjectContextCustomizer@531c311e, org.springframework.boot.test.mock.mockito.MockitoContextCustomizer@0, org.springframework.boot.test.web.client.TestRestTemplateContextCustomizer@37b70343, org.springframework.boot.test.context.SpringBootTestArgs@1, org.springframework.boot.test.context.SpringBootTestWebEnvironment@75c56eb9], resourceBasePath = 'src/main/webapp', contextLoader = 'org.springframework.boot.test.context.SpringBootContextLoader', parent = [null]], attributes = map['org.springframework.test.context.web.ServletTestExecutionListener.activateListener' -> true]], class annotated with @DirtiesContext [false] with mode [null].

  .   ____          _            __ _ _
 /\\ / ___'_ __ _ _(_)_ __  __ _ \ \ \ \
( ( )\___ | '_ | '_| | '_ \/ _` | \ \ \ \
 \\/  ___)| |_)| | | | | || (_| |  ) ) ) )
  '  |____| .__|_| |_|_| |_\__, | / / / /
 =========|_|==============|___/=/_/_/_/
?[32m :: Spring Boot :: ?[39m              ?[2m (v2.7.5)?[0;39m

?[2m2024-01-24 21:24:51.630?[0;39m ?[32m INFO?[0;39m ?[35m75190?[0;39m ?[2m---?[0;39m ?[2m[    Test worker]?[0;39m ?[36mcom.jpa.yanus.entityTest.AttendanceTest ?[0;39m ?[2m:?[0;39m Starting AttendanceTest using Java 11.0.15 on rickyui-MacBookAir.local with PID 75190 (started by rickyhong in /Users/rickyhong/Desktop/Projects/testforcicd)
?[2m2024-01-24 21:24:51.646?[0;39m ?[32m INFO?[0;39m ?[35m75190?[0;39m ?[2m---?[0;39m ?[2m[    Test worker]?[0;39m ?[36mcom.jpa.yanus.entityTest.AttendanceTest ?[0;39m ?[2m:?[0;39m No active profile set, falling back to 1 default profile: "default"
?[2m2024-01-24 21:24:53.827?[0;39m ?[32m INFO?[0;39m ?[35m75190?[0;39m ?[2m---?[0;39m ?[2m[    Test worker]?[0;39m ?[36m.s.d.r.c.RepositoryConfigurationDelegate?[0;39m ?[2m:?[0;39m Bootstrapping Spring Data JPA repositories in DEFAULT mode.
?[2m2024-01-24 21:24:54.230?[0;39m ?[32m INFO?[0;39m ?[35m75190?[0;39m ?[2m---?[0;39m ?[2m[    Test worker]?[0;39m ?[36m.s.d.r.c.RepositoryConfigurationDelegate?[0;39m ?[2m:?[0;39m Finished Spring Data repository scanning in 392 ms. Found 3 JPA repository interfaces.
?[2m2024-01-24 21:24:55.213?[0;39m ?[32m INFO?[0;39m ?[35m75190?[0;39m ?[2m---?[0;39m ?[2m[    Test worker]?[0;39m ?[36mtrationDelegate$BeanPostProcessorChecker?[0;39m ?[2m:?[0;39m Bean 'org.springframework.ws.config.annotation.DelegatingWsConfiguration' of type [org.springframework.ws.config.annotation.DelegatingWsConfiguration$$EnhancerBySpringCGLIB$$3bba84d0] is not eligible for getting processed by all BeanPostProcessors (for example: not eligible for auto-proxying)
?[2m2024-01-24 21:24:55.308?[0;39m ?[32m INFO?[0;39m ?[35m75190?[0;39m ?[2m---?[0;39m ?[2m[    Test worker]?[0;39m ?[36m.w.s.a.s.AnnotationActionEndpointMapping?[0;39m ?[2m:?[0;39m Supporting [WS-Addressing August 2004, WS-Addressing 1.0]
?[2m2024-01-24 21:24:55.863?[0;39m ?[32m INFO?[0;39m ?[35m75190?[0;39m ?[2m---?[0;39m ?[2m[    Test worker]?[0;39m ?[36mo.hibernate.jpa.internal.util.LogHelper ?[0;39m ?[2m:?[0;39m HHH000204: Processing PersistenceUnitInfo [name: default]
?[2m2024-01-24 21:24:55.917?[0;39m ?[32m INFO?[0;39m ?[35m75190?[0;39m ?[2m---?[0;39m ?[2m[    Test worker]?[0;39m ?[36morg.hibernate.Version                   ?[0;39m ?[2m:?[0;39m HHH000412: Hibernate ORM core version 5.6.12.Final
?[2m2024-01-24 21:24:56.089?[0;39m ?[32m INFO?[0;39m ?[35m75190?[0;39m ?[2m---?[0;39m ?[2m[    Test worker]?[0;39m ?[36mo.hibernate.annotations.common.Version  ?[0;39m ?[2m:?[0;39m HCANN000001: Hibernate Commons Annotations {5.1.2.Final}
?[2m2024-01-24 21:24:56.235?[0;39m ?[32m INFO?[0;39m ?[35m75190?[0;39m ?[2m---?[0;39m ?[2m[    Test worker]?[0;39m ?[36mcom.zaxxer.hikari.HikariDataSource      ?[0;39m ?[2m:?[0;39m HikariPool-1 - Starting...
?[2m2024-01-24 21:24:56.539?[0;39m ?[32m INFO?[0;39m ?[35m75190?[0;39m ?[2m---?[0;39m ?[2m[    Test worker]?[0;39m ?[36mcom.zaxxer.hikari.HikariDataSource      ?[0;39m ?[2m:?[0;39m HikariPool-1 - Start completed.
?[2m2024-01-24 21:24:56.563?[0;39m ?[32m INFO?[0;39m ?[35m75190?[0;39m ?[2m---?[0;39m ?[2m[    Test worker]?[0;39m ?[36morg.hibernate.dialect.Dialect           ?[0;39m ?[2m:?[0;39m HHH000400: Using dialect: org.hibernate.dialect.MySQL8Dialect
?[2m2024-01-24 21:24:57.611?[0;39m ?[32m INFO?[0;39m ?[35m75190?[0;39m ?[2m---?[0;39m ?[2m[    Test worker]?[0;39m ?[36mo.h.e.t.j.p.i.JtaPlatformInitiator      ?[0;39m ?[2m:?[0;39m HHH000490: Using JtaPlatform implementation: [org.hibernate.engine.transaction.jta.platform.internal.NoJtaPlatform]
?[2m2024-01-24 21:24:57.620?[0;39m ?[32m INFO?[0;39m ?[35m75190?[0;39m ?[2m---?[0;39m ?[2m[    Test worker]?[0;39m ?[36mj.LocalContainerEntityManagerFactoryBean?[0;39m ?[2m:?[0;39m Initialized JPA EntityManagerFactory for persistence unit 'default'
?[2m2024-01-24 21:24:58.631?[0;39m ?[33m WARN?[0;39m ?[35m75190?[0;39m ?[2m---?[0;39m ?[2m[    Test worker]?[0;39m ?[36mJpaBaseConfiguration$JpaWebConfiguration?[0;39m ?[2m:?[0;39m spring.jpa.open-in-view is enabled by default. Therefore, database queries may be performed during view rendering. Explicitly configure spring.jpa.open-in-view to disable this warning
?[2m2024-01-24 21:24:59.622?[0;39m ?[32m INFO?[0;39m ?[35m75190?[0;39m ?[2m---?[0;39m ?[2m[    Test worker]?[0;39m ?[36mcom.jpa.yanus.entityTest.AttendanceTest ?[0;39m ?[2m:?[0;39m Started AttendanceTest in 8.901 seconds (JVM running for 11.556)
?[2m2024-01-24 21:24:59.659?[0;39m ?[32m INFO?[0;39m ?[35m75190?[0;39m ?[2m---?[0;39m ?[2m[    Test worker]?[0;39m ?[36mo.s.t.c.transaction.TransactionContext  ?[0;39m ?[2m:?[0;39m Began transaction (1) for test context [DefaultTestContext@5a2f016d testClass = AttendanceTest, testInstance = com.jpa.yanus.entityTest.AttendanceTest@67fda9fb, testMethod = findWeekAttendanceById@AttendanceTest, testException = [null], mergedContextConfiguration = [WebMergedContextConfiguration@1a38ba58 testClass = AttendanceTest, locations = '{}', classes = '{class com.jpa.yanus.YanusApplication}', contextInitializerClasses = '[]', activeProfiles = '{}', propertySourceLocations = '{}', propertySourceProperties = '{org.springframework.boot.test.context.SpringBootTestContextBootstrapper=true}', contextCustomizers = set[org.springframework.boot.test.autoconfigure.actuate.metrics.MetricsExportContextCustomizerFactory$DisableMetricExportContextCustomizer@2fc0cc3, org.springframework.boot.test.autoconfigure.properties.PropertyMappingContextCustomizer@0, org.springframework.boot.test.autoconfigure.web.servlet.WebDriverContextCustomizerFactory$Customizer@53812a9b, org.springframework.boot.test.context.filter.ExcludeFilterContextCustomizer@d8305c2, org.springframework.boot.test.json.DuplicateJsonObjectContextCustomizerFactory$DuplicateJsonObjectContextCustomizer@531c311e, org.springframework.boot.test.mock.mockito.MockitoContextCustomizer@0, org.springframework.boot.test.web.client.TestRestTemplateContextCustomizer@37b70343, org.springframework.boot.test.context.SpringBootTestArgs@1, org.springframework.boot.test.context.SpringBootTestWebEnvironment@75c56eb9], resourceBasePath = 'src/main/webapp', contextLoader = 'org.springframework.boot.test.context.SpringBootContextLoader', parent = [null]], attributes = map['org.springframework.test.context.web.ServletTestExecutionListener.activateListener' -> true, 'org.springframework.test.context.web.ServletTestExecutionListener.populatedRequestContextHolder' -> true, 'org.springframework.test.context.web.ServletTestExecutionListener.resetRequestContextHolder' -> true, 'org.springframework.test.context.event.ApplicationEventsTestExecutionListener.recordApplicationEvents' -> false]]; transaction manager [org.springframework.orm.jpa.JpaTransactionManager@63d43a5]; rollback [false]
?[2m2024-01-24 21:24:59.876?[0;39m ?[32m INFO?[0;39m ?[35m75190?[0;39m ?[2m---?[0;39m ?[2m[    Test worker]?[0;39m ?[36mc.j.y.repository.AttendanceQueryDSLImpl ?[0;39m ?[2m:?[0;39m 2024-01-22T00:00
?[2m2024-01-24 21:24:59.877?[0;39m ?[32m INFO?[0;39m ?[35m75190?[0;39m ?[2m---?[0;39m ?[2m[    Test worker]?[0;39m ?[36mc.j.y.repository.AttendanceQueryDSLImpl ?[0;39m ?[2m:?[0;39m 2024-01-28T23:59:59.999999999
Hibernate: 
    select
        sum(case 
            when attendance0_.check_in_time>=? 
            and attendance0_.check_out_time<=? 
            and dayofweek(attendance0_.check_in_time)=? then TIMESTAMPDIFF(SECOND,
            attendance0_.check_in_time,
            attendance0_.check_out_time) 
            else 0 
        end) as col_0_0_,
        sum(case 
            when attendance0_.check_in_time>=? 
            and attendance0_.check_out_time<=? 
            and dayofweek(attendance0_.check_in_time)=? then TIMESTAMPDIFF(SECOND,
            attendance0_.check_in_time,
            attendance0_.check_out_time) 
            else 0 
        end) as col_1_0_,
        sum(case 
            when attendance0_.check_in_time>=? 
            and attendance0_.check_out_time<=? 
            and dayofweek(attendance0_.check_in_time)=? then TIMESTAMPDIFF(SECOND,
            attendance0_.check_in_time,
            attendance0_.check_out_time) 
            else 0 
        end) as col_2_0_,
        sum(case 
            when attendance0_.check_in_time>=? 
            and attendance0_.check_out_time<=? 
            and dayofweek(attendance0_.check_in_time)=? then TIMESTAMPDIFF(SECOND,
            attendance0_.check_in_time,
            attendance0_.check_out_time) 
            else 0 
        end) as col_3_0_,
        sum(case 
            when attendance0_.check_in_time>=? 
            and attendance0_.check_out_time<=? 
            and dayofweek(attendance0_.check_in_time)=? then TIMESTAMPDIFF(SECOND,
            attendance0_.check_in_time,
            attendance0_.check_out_time) 
            else 0 
        end) as col_4_0_,
        sum(case 
            when attendance0_.check_in_time>=? 
            and attendance0_.check_out_time<=? 
            and dayofweek(attendance0_.check_in_time)=? then TIMESTAMPDIFF(SECOND,
            attendance0_.check_in_time,
            attendance0_.check_out_time) 
            else 0 
        end) as col_5_0_,
        sum(case 
            when attendance0_.check_in_time>=? 
            and attendance0_.check_out_time<=? 
            and dayofweek(attendance0_.check_in_time)=? then TIMESTAMPDIFF(SECOND,
            attendance0_.check_in_time,
            attendance0_.check_out_time) 
            else 0 
        end) as col_6_0_ 
    from
        tbl_attendance attendance0_ 
    where
        attendance0_.member_id=? 
        and (
            attendance0_.check_in_time between ? and ?
        )
?[2m2024-01-24 21:25:00.153?[0;39m ?[32m INFO?[0;39m ?[35m75190?[0;39m ?[2m---?[0;39m ?[2m[    Test worker]?[0;39m ?[36mcom.jpa.yanus.entityTest.AttendanceTest ?[0;39m ?[2m:?[0;39m [AttendanceForWeekDTO(Mon=null, Tue=null, Wed=null, Thur=null, Fri=null, Sat=null, Sun=null)]
?[2m2024-01-24 21:25:00.184?[0;39m ?[32m INFO?[0;39m ?[35m75190?[0;39m ?[2m---?[0;39m ?[2m[    Test worker]?[0;39m ?[36mo.s.t.c.transaction.TransactionContext  ?[0;39m ?[2m:?[0;39m Committed transaction for test: [DefaultTestContext@5a2f016d testClass = AttendanceTest, testInstance = com.jpa.yanus.entityTest.AttendanceTest@67fda9fb, testMethod = findWeekAttendanceById@AttendanceTest, testException = [null], mergedContextConfiguration = [WebMergedContextConfiguration@1a38ba58 testClass = AttendanceTest, locations = '{}', classes = '{class com.jpa.yanus.YanusApplication}', contextInitializerClasses = '[]', activeProfiles = '{}', propertySourceLocations = '{}', propertySourceProperties = '{org.springframework.boot.test.context.SpringBootTestContextBootstrapper=true}', contextCustomizers = set[org.springframework.boot.test.autoconfigure.actuate.metrics.MetricsExportContextCustomizerFactory$DisableMetricExportContextCustomizer@2fc0cc3, org.springframework.boot.test.autoconfigure.properties.PropertyMappingContextCustomizer@0, org.springframework.boot.test.autoconfigure.web.servlet.WebDriverContextCustomizerFactory$Customizer@53812a9b, org.springframework.boot.test.context.filter.ExcludeFilterContextCustomizer@d8305c2, org.springframework.boot.test.json.DuplicateJsonObjectContextCustomizerFactory$DuplicateJsonObjectContextCustomizer@531c311e, org.springframework.boot.test.mock.mockito.MockitoContextCustomizer@0, org.springframework.boot.test.web.client.TestRestTemplateContextCustomizer@37b70343, org.springframework.boot.test.context.SpringBootTestArgs@1, org.springframework.boot.test.context.SpringBootTestWebEnvironment@75c56eb9], resourceBasePath = 'src/main/webapp', contextLoader = 'org.springframework.boot.test.context.SpringBootContextLoader', parent = [null]], attributes = map['org.springframework.test.context.web.ServletTestExecutionListener.activateListener' -> true, 'org.springframework.test.context.web.ServletTestExecutionListener.populatedRequestContextHolder' -> true, 'org.springframework.test.context.web.ServletTestExecutionListener.resetRequestContextHolder' -> true, 'org.springframework.test.context.event.ApplicationEventsTestExecutionListener.recordApplicationEvents' -> false]]
]]></system-out>
  <system-err><![CDATA[]]></system-err>
</testsuite>
