<?xml version="1.0" encoding="UTF-8"?>
<testsuite name="com.jpa.yanus.repository.MemberRepositoryTest" tests="1" skipped="0" failures="0" errors="0" timestamp="2025-05-27T11:09:27" hostname="rickyui-MacBookAir.local" time="0.009">
  <properties/>
  <testcase name="findByMemberIdAndPasswordTest()" classname="com.jpa.yanus.repository.MemberRepositoryTest" time="0.009"/>
  <system-out><![CDATA[?[2m2025-05-27 20:09:27.544?[0;39m ?[32m INFO?[0;39m ?[35m12102?[0;39m ?[2m---?[0;39m ?[2m[    Test worker]?[0;39m ?[36m.b.t.c.SpringBootTestContextBootstrapper?[0;39m ?[2m:?[0;39m Neither @ContextConfiguration nor @ContextHierarchy found for test class [com.jpa.yanus.repository.MemberRepositoryTest], using SpringBootContextLoader
?[2m2025-05-27 20:09:27.546?[0;39m ?[32m INFO?[0;39m ?[35m12102?[0;39m ?[2m---?[0;39m ?[2m[    Test worker]?[0;39m ?[36mo.s.t.c.support.AbstractContextLoader   ?[0;39m ?[2m:?[0;39m Could not detect default resource locations for test class [com.jpa.yanus.repository.MemberRepositoryTest]: no resource found for suffixes {-context.xml, Context.groovy}.
?[2m2025-05-27 20:09:27.547?[0;39m ?[32m INFO?[0;39m ?[35m12102?[0;39m ?[2m---?[0;39m ?[2m[    Test worker]?[0;39m ?[36mt.c.s.AnnotationConfigContextLoaderUtils?[0;39m ?[2m:?[0;39m Could not detect default configuration classes for test class [com.jpa.yanus.repository.MemberRepositoryTest]: MemberRepositoryTest does not declare any static, non-private, non-final, nested classes annotated with @Configuration.
?[2m2025-05-27 20:09:27.549?[0;39m ?[32m INFO?[0;39m ?[35m12102?[0;39m ?[2m---?[0;39m ?[2m[    Test worker]?[0;39m ?[36m.b.t.c.SpringBootTestContextBootstrapper?[0;39m ?[2m:?[0;39m Found @SpringBootConfiguration com.jpa.yanus.YanusApplication for test class com.jpa.yanus.repository.MemberRepositoryTest
?[2m2025-05-27 20:09:27.551?[0;39m ?[32m INFO?[0;39m ?[35m12102?[0;39m ?[2m---?[0;39m ?[2m[    Test worker]?[0;39m ?[36m.b.t.c.SpringBootTestContextBootstrapper?[0;39m ?[2m:?[0;39m Loaded default TestExecutionListener class names from location [META-INF/spring.factories]: [org.springframework.boot.test.autoconfigure.restdocs.RestDocsTestExecutionListener, org.springframework.boot.test.autoconfigure.web.client.MockRestServiceServerResetTestExecutionListener, org.springframework.boot.test.autoconfigure.web.servlet.MockMvcPrintOnlyOnFailureTestExecutionListener, org.springframework.boot.test.autoconfigure.web.servlet.WebDriverTestExecutionListener, org.springframework.boot.test.autoconfigure.webservices.client.MockWebServiceServerTestExecutionListener, org.springframework.boot.test.mock.mockito.MockitoTestExecutionListener, org.springframework.boot.test.mock.mockito.ResetMocksTestExecutionListener, org.springframework.test.context.web.ServletTestExecutionListener, org.springframework.test.context.support.DirtiesContextBeforeModesTestExecutionListener, org.springframework.test.context.event.ApplicationEventsTestExecutionListener, org.springframework.test.context.support.DependencyInjectionTestExecutionListener, org.springframework.test.context.support.DirtiesContextTestExecutionListener, org.springframework.test.context.transaction.TransactionalTestExecutionListener, org.springframework.test.context.jdbc.SqlScriptsTestExecutionListener, org.springframework.test.context.event.EventPublishingTestExecutionListener]
?[2m2025-05-27 20:09:27.553?[0;39m ?[32m INFO?[0;39m ?[35m12102?[0;39m ?[2m---?[0;39m ?[2m[    Test worker]?[0;39m ?[36m.b.t.c.SpringBootTestContextBootstrapper?[0;39m ?[2m:?[0;39m Using TestExecutionListeners: [org.springframework.test.context.web.ServletTestExecutionListener@35d31e1c, org.springframework.test.context.support.DirtiesContextBeforeModesTestExecutionListener@f8b6743, org.springframework.test.context.event.ApplicationEventsTestExecutionListener@644eed73, org.springframework.boot.test.mock.mockito.MockitoTestExecutionListener@253a8bdb, org.springframework.boot.test.autoconfigure.SpringBootDependencyInjectionTestExecutionListener@834529e, org.springframework.test.context.support.DirtiesContextTestExecutionListener@5c519da4, org.springframework.test.context.transaction.TransactionalTestExecutionListener@4f67d628, org.springframework.test.context.jdbc.SqlScriptsTestExecutionListener@3ef2f84c, org.springframework.test.context.event.EventPublishingTestExecutionListener@14f8fdae, org.springframework.boot.test.autoconfigure.restdocs.RestDocsTestExecutionListener@4414ee28, org.springframework.boot.test.autoconfigure.web.client.MockRestServiceServerResetTestExecutionListener@3533b614, org.springframework.boot.test.autoconfigure.web.servlet.MockMvcPrintOnlyOnFailureTestExecutionListener@1caa1866, org.springframework.boot.test.autoconfigure.web.servlet.WebDriverTestExecutionListener@4fec93d0, org.springframework.boot.test.autoconfigure.webservices.client.MockWebServiceServerTestExecutionListener@2cea41ab, org.springframework.boot.test.mock.mockito.ResetMocksTestExecutionListener@4c1c134]
?[2m2025-05-27 20:09:27.562?[0;39m ?[32m INFO?[0;39m ?[35m12102?[0;39m ?[2m---?[0;39m ?[2m[    Test worker]?[0;39m ?[36mo.s.t.c.transaction.TransactionContext  ?[0;39m ?[2m:?[0;39m Began transaction (1) for test context [DefaultTestContext@63bdf82d testClass = MemberRepositoryTest, testInstance = com.jpa.yanus.repository.MemberRepositoryTest@1da40ae8, testMethod = findByMemberIdAndPasswordTest@MemberRepositoryTest, testException = [null], mergedContextConfiguration = [WebMergedContextConfiguration@1766b009 testClass = MemberRepositoryTest, locations = '{}', classes = '{class com.jpa.yanus.YanusApplication}', contextInitializerClasses = '[]', activeProfiles = '{}', propertySourceLocations = '{}', propertySourceProperties = '{org.springframework.boot.test.context.SpringBootTestContextBootstrapper=true}', contextCustomizers = set[org.springframework.boot.test.autoconfigure.actuate.metrics.MetricsExportContextCustomizerFactory$DisableMetricExportContextCustomizer@4d18aa28, org.springframework.boot.test.autoconfigure.properties.PropertyMappingContextCustomizer@0, org.springframework.boot.test.autoconfigure.web.servlet.WebDriverContextCustomizerFactory$Customizer@10c626be, org.springframework.boot.test.context.filter.ExcludeFilterContextCustomizer@201b6b6f, org.springframework.boot.test.json.DuplicateJsonObjectContextCustomizerFactory$DuplicateJsonObjectContextCustomizer@67ab1c47, org.springframework.boot.test.mock.mockito.MockitoContextCustomizer@0, org.springframework.boot.test.web.client.TestRestTemplateContextCustomizer@14b030a0, org.springframework.boot.test.context.SpringBootTestArgs@1, org.springframework.boot.test.context.SpringBootTestWebEnvironment@70e38ce1], resourceBasePath = 'src/main/webapp', contextLoader = 'org.springframework.boot.test.context.SpringBootContextLoader', parent = [null]], attributes = map['org.springframework.test.context.web.ServletTestExecutionListener.activateListener' -> true, 'org.springframework.test.context.web.ServletTestExecutionListener.populatedRequestContextHolder' -> true, 'org.springframework.test.context.web.ServletTestExecutionListener.resetRequestContextHolder' -> true, 'org.springframework.test.context.event.ApplicationEventsTestExecutionListener.recordApplicationEvents' -> false]]; transaction manager [org.springframework.orm.jpa.JpaTransactionManager@21cb5648]; rollback [false]
Hibernate: 
    select
        member0_.id as id1_2_,
        member0_.member_id as member_i2_2_,
        member0_.member_name as member_n3_2_,
        member0_.member_password as member_p4_2_,
        member0_.member_status as member_s5_2_,
        member0_.member_team_num as member_t6_2_,
        member0_.member_type as member_t7_2_ 
    from
        tbl_member member0_ 
    where
        member0_.member_id=? 
        and member0_.member_password=?
?[2m2025-05-27 20:09:27.565?[0;39m ?[32m INFO?[0;39m ?[35m12102?[0;39m ?[2m---?[0;39m ?[2m[    Test worker]?[0;39m ?[36mc.j.y.repository.MemberRepositoryTest   ?[0;39m ?[2m:?[0;39m Optional.empty
?[2m2025-05-27 20:09:27.567?[0;39m ?[32m INFO?[0;39m ?[35m12102?[0;39m ?[2m---?[0;39m ?[2m[    Test worker]?[0;39m ?[36mo.s.t.c.transaction.TransactionContext  ?[0;39m ?[2m:?[0;39m Committed transaction for test: [DefaultTestContext@63bdf82d testClass = MemberRepositoryTest, testInstance = com.jpa.yanus.repository.MemberRepositoryTest@1da40ae8, testMethod = findByMemberIdAndPasswordTest@MemberRepositoryTest, testException = [null], mergedContextConfiguration = [WebMergedContextConfiguration@1766b009 testClass = MemberRepositoryTest, locations = '{}', classes = '{class com.jpa.yanus.YanusApplication}', contextInitializerClasses = '[]', activeProfiles = '{}', propertySourceLocations = '{}', propertySourceProperties = '{org.springframework.boot.test.context.SpringBootTestContextBootstrapper=true}', contextCustomizers = set[org.springframework.boot.test.autoconfigure.actuate.metrics.MetricsExportContextCustomizerFactory$DisableMetricExportContextCustomizer@4d18aa28, org.springframework.boot.test.autoconfigure.properties.PropertyMappingContextCustomizer@0, org.springframework.boot.test.autoconfigure.web.servlet.WebDriverContextCustomizerFactory$Customizer@10c626be, org.springframework.boot.test.context.filter.ExcludeFilterContextCustomizer@201b6b6f, org.springframework.boot.test.json.DuplicateJsonObjectContextCustomizerFactory$DuplicateJsonObjectContextCustomizer@67ab1c47, org.springframework.boot.test.mock.mockito.MockitoContextCustomizer@0, org.springframework.boot.test.web.client.TestRestTemplateContextCustomizer@14b030a0, org.springframework.boot.test.context.SpringBootTestArgs@1, org.springframework.boot.test.context.SpringBootTestWebEnvironment@70e38ce1], resourceBasePath = 'src/main/webapp', contextLoader = 'org.springframework.boot.test.context.SpringBootContextLoader', parent = [null]], attributes = map['org.springframework.test.context.web.ServletTestExecutionListener.activateListener' -> true, 'org.springframework.test.context.web.ServletTestExecutionListener.populatedRequestContextHolder' -> true, 'org.springframework.test.context.web.ServletTestExecutionListener.resetRequestContextHolder' -> true, 'org.springframework.test.context.event.ApplicationEventsTestExecutionListener.recordApplicationEvents' -> false]]
]]></system-out>
  <system-err><![CDATA[]]></system-err>
</testsuite>
