<?xml version="1.0" encoding="UTF-8"?>
<testsuite name="com.jpa.yanus.entityTest.AttendanceTest" tests="1" skipped="0" failures="0" errors="0" timestamp="2025-05-27T11:09:26" hostname="rickyui-MacBookAir.local" time="0.322">
  <properties/>
  <testcase name="findWeekAttendanceById()" classname="com.jpa.yanus.entityTest.AttendanceTest" time="0.322"/>
  <system-out><![CDATA[?[2m2025-05-27 20:09:26.886?[0;39m ?[32m INFO?[0;39m ?[35m12102?[0;39m ?[2m---?[0;39m ?[2m[    Test worker]?[0;39m ?[36m.b.t.c.SpringBootTestContextBootstrapper?[0;39m ?[2m:?[0;39m Neither @ContextConfiguration nor @ContextHierarchy found for test class [com.jpa.yanus.entityTest.AttendanceTest], using SpringBootContextLoader
?[2m2025-05-27 20:09:26.889?[0;39m ?[32m INFO?[0;39m ?[35m12102?[0;39m ?[2m---?[0;39m ?[2m[    Test worker]?[0;39m ?[36mo.s.t.c.support.AbstractContextLoader   ?[0;39m ?[2m:?[0;39m Could not detect default resource locations for test class [com.jpa.yanus.entityTest.AttendanceTest]: no resource found for suffixes {-context.xml, Context.groovy}.
?[2m2025-05-27 20:09:26.889?[0;39m ?[32m INFO?[0;39m ?[35m12102?[0;39m ?[2m---?[0;39m ?[2m[    Test worker]?[0;39m ?[36mt.c.s.AnnotationConfigContextLoaderUtils?[0;39m ?[2m:?[0;39m Could not detect default configuration classes for test class [com.jpa.yanus.entityTest.AttendanceTest]: AttendanceTest does not declare any static, non-private, non-final, nested classes annotated with @Configuration.
?[2m2025-05-27 20:09:26.916?[0;39m ?[32m INFO?[0;39m ?[35m12102?[0;39m ?[2m---?[0;39m ?[2m[    Test worker]?[0;39m ?[36m.b.t.c.SpringBootTestContextBootstrapper?[0;39m ?[2m:?[0;39m Found @SpringBootConfiguration com.jpa.yanus.YanusApplication for test class com.jpa.yanus.entityTest.AttendanceTest
?[2m2025-05-27 20:09:26.922?[0;39m ?[32m INFO?[0;39m ?[35m12102?[0;39m ?[2m---?[0;39m ?[2m[    Test worker]?[0;39m ?[36m.b.t.c.SpringBootTestContextBootstrapper?[0;39m ?[2m:?[0;39m Loaded default TestExecutionListener class names from location [META-INF/spring.factories]: [org.springframework.boot.test.autoconfigure.restdocs.RestDocsTestExecutionListener, org.springframework.boot.test.autoconfigure.web.client.MockRestServiceServerResetTestExecutionListener, org.springframework.boot.test.autoconfigure.web.servlet.MockMvcPrintOnlyOnFailureTestExecutionListener, org.springframework.boot.test.autoconfigure.web.servlet.WebDriverTestExecutionListener, org.springframework.boot.test.autoconfigure.webservices.client.MockWebServiceServerTestExecutionListener, org.springframework.boot.test.mock.mockito.MockitoTestExecutionListener, org.springframework.boot.test.mock.mockito.ResetMocksTestExecutionListener, org.springframework.test.context.web.ServletTestExecutionListener, org.springframework.test.context.support.DirtiesContextBeforeModesTestExecutionListener, org.springframework.test.context.event.ApplicationEventsTestExecutionListener, org.springframework.test.context.support.DependencyInjectionTestExecutionListener, org.springframework.test.context.support.DirtiesContextTestExecutionListener, org.springframework.test.context.transaction.TransactionalTestExecutionListener, org.springframework.test.context.jdbc.SqlScriptsTestExecutionListener, org.springframework.test.context.event.EventPublishingTestExecutionListener]
?[2m2025-05-27 20:09:26.923?[0;39m ?[32m INFO?[0;39m ?[35m12102?[0;39m ?[2m---?[0;39m ?[2m[    Test worker]?[0;39m ?[36m.b.t.c.SpringBootTestContextBootstrapper?[0;39m ?[2m:?[0;39m Using TestExecutionListeners: [org.springframework.test.context.web.ServletTestExecutionListener@513fb873, org.springframework.test.context.support.DirtiesContextBeforeModesTestExecutionListener@2a4a95c4, org.springframework.test.context.event.ApplicationEventsTestExecutionListener@71ae1cb, org.springframework.boot.test.mock.mockito.MockitoTestExecutionListener@1f50fe84, org.springframework.boot.test.autoconfigure.SpringBootDependencyInjectionTestExecutionListener@3380313d, org.springframework.test.context.support.DirtiesContextTestExecutionListener@4d1a763c, org.springframework.test.context.transaction.TransactionalTestExecutionListener@1d5ec2ed, org.springframework.test.context.jdbc.SqlScriptsTestExecutionListener@5e2ab1c, org.springframework.test.context.event.EventPublishingTestExecutionListener@37596b44, org.springframework.boot.test.autoconfigure.restdocs.RestDocsTestExecutionListener@29ec5005, org.springframework.boot.test.autoconfigure.web.client.MockRestServiceServerResetTestExecutionListener@42ceb67f, org.springframework.boot.test.autoconfigure.web.servlet.MockMvcPrintOnlyOnFailureTestExecutionListener@52e44f71, org.springframework.boot.test.autoconfigure.web.servlet.WebDriverTestExecutionListener@2e1b1d22, org.springframework.boot.test.autoconfigure.webservices.client.MockWebServiceServerTestExecutionListener@653c0c9c, org.springframework.boot.test.mock.mockito.ResetMocksTestExecutionListener@5276330a]
?[2m2025-05-27 20:09:26.942?[0;39m ?[32m INFO?[0;39m ?[35m12102?[0;39m ?[2m---?[0;39m ?[2m[    Test worker]?[0;39m ?[36mo.s.t.c.transaction.TransactionContext  ?[0;39m ?[2m:?[0;39m Began transaction (1) for test context [DefaultTestContext@332fc35c testClass = AttendanceTest, testInstance = com.jpa.yanus.entityTest.AttendanceTest@35c69e6b, testMethod = findWeekAttendanceById@AttendanceTest, testException = [null], mergedContextConfiguration = [WebMergedContextConfiguration@78e386a5 testClass = AttendanceTest, locations = '{}', classes = '{class com.jpa.yanus.YanusApplication}', contextInitializerClasses = '[]', activeProfiles = '{}', propertySourceLocations = '{}', propertySourceProperties = '{org.springframework.boot.test.context.SpringBootTestContextBootstrapper=true}', contextCustomizers = set[org.springframework.boot.test.autoconfigure.actuate.metrics.MetricsExportContextCustomizerFactory$DisableMetricExportContextCustomizer@4d18aa28, org.springframework.boot.test.autoconfigure.properties.PropertyMappingContextCustomizer@0, org.springframework.boot.test.autoconfigure.web.servlet.WebDriverContextCustomizerFactory$Customizer@10c626be, org.springframework.boot.test.context.filter.ExcludeFilterContextCustomizer@201b6b6f, org.springframework.boot.test.json.DuplicateJsonObjectContextCustomizerFactory$DuplicateJsonObjectContextCustomizer@67ab1c47, org.springframework.boot.test.mock.mockito.MockitoContextCustomizer@0, org.springframework.boot.test.web.client.TestRestTemplateContextCustomizer@14b030a0, org.springframework.boot.test.context.SpringBootTestArgs@1, org.springframework.boot.test.context.SpringBootTestWebEnvironment@70e38ce1], resourceBasePath = 'src/main/webapp', contextLoader = 'org.springframework.boot.test.context.SpringBootContextLoader', parent = [null]], attributes = map['org.springframework.test.context.web.ServletTestExecutionListener.activateListener' -> true, 'org.springframework.test.context.web.ServletTestExecutionListener.populatedRequestContextHolder' -> true, 'org.springframework.test.context.web.ServletTestExecutionListener.resetRequestContextHolder' -> true, 'org.springframework.test.context.event.ApplicationEventsTestExecutionListener.recordApplicationEvents' -> false]]; transaction manager [org.springframework.orm.jpa.JpaTransactionManager@21cb5648]; rollback [false]
Hibernate: 
    select
        sum(case 
            when attendance0_.check_in_time>=? 
            and attendance0_.check_out_time<=? 
            and dayofweek(attendance0_.check_in_time)=? then TIMESTAMPDIFF(SECOND,
            attendance0_.check_in_time,
            attendance0_.check_out_time) 
            else 0 
        end) as col_0_0_,
        sum(case 
            when attendance0_.check_in_time>=? 
            and attendance0_.check_out_time<=? 
            and dayofweek(attendance0_.check_in_time)=? then TIMESTAMPDIFF(SECOND,
            attendance0_.check_in_time,
            attendance0_.check_out_time) 
            else 0 
        end) as col_1_0_,
        sum(case 
            when attendance0_.check_in_time>=? 
            and attendance0_.check_out_time<=? 
            and dayofweek(attendance0_.check_in_time)=? then TIMESTAMPDIFF(SECOND,
            attendance0_.check_in_time,
            attendance0_.check_out_time) 
            else 0 
        end) as col_2_0_,
        sum(case 
            when attendance0_.check_in_time>=? 
            and attendance0_.check_out_time<=? 
            and dayofweek(attendance0_.check_in_time)=? then TIMESTAMPDIFF(SECOND,
            attendance0_.check_in_time,
            attendance0_.check_out_time) 
            else 0 
        end) as col_3_0_,
        sum(case 
            when attendance0_.check_in_time>=? 
            and attendance0_.check_out_time<=? 
            and dayofweek(attendance0_.check_in_time)=? then TIMESTAMPDIFF(SECOND,
            attendance0_.check_in_time,
            attendance0_.check_out_time) 
            else 0 
        end) as col_4_0_,
        sum(case 
            when attendance0_.check_in_time>=? 
            and attendance0_.check_out_time<=? 
            and dayofweek(attendance0_.check_in_time)=? then TIMESTAMPDIFF(SECOND,
            attendance0_.check_in_time,
            attendance0_.check_out_time) 
            else 0 
        end) as col_5_0_,
        sum(case 
            when attendance0_.check_in_time>=? 
            and attendance0_.check_out_time<=? 
            and dayofweek(attendance0_.check_in_time)=? then TIMESTAMPDIFF(SECOND,
            attendance0_.check_in_time,
            attendance0_.check_out_time) 
            else 0 
        end) as col_6_0_ 
    from
        tbl_attendance attendance0_ 
    where
        attendance0_.member_id=? 
        and (
            attendance0_.check_in_time between ? and ?
        )
?[2m2025-05-27 20:09:27.236?[0;39m ?[32m INFO?[0;39m ?[35m12102?[0;39m ?[2m---?[0;39m ?[2m[    Test worker]?[0;39m ?[36mcom.jpa.yanus.entityTest.AttendanceTest ?[0;39m ?[2m:?[0;39m [AttendanceForWeekDTO(Mon=null, Tue=null, Wed=null, Thur=null, Fri=null, Sat=null, Sun=null)]
?[2m2025-05-27 20:09:27.251?[0;39m ?[32m INFO?[0;39m ?[35m12102?[0;39m ?[2m---?[0;39m ?[2m[    Test worker]?[0;39m ?[36mo.s.t.c.transaction.TransactionContext  ?[0;39m ?[2m:?[0;39m Committed transaction for test: [DefaultTestContext@332fc35c testClass = AttendanceTest, testInstance = com.jpa.yanus.entityTest.AttendanceTest@35c69e6b, testMethod = findWeekAttendanceById@AttendanceTest, testException = [null], mergedContextConfiguration = [WebMergedContextConfiguration@78e386a5 testClass = AttendanceTest, locations = '{}', classes = '{class com.jpa.yanus.YanusApplication}', contextInitializerClasses = '[]', activeProfiles = '{}', propertySourceLocations = '{}', propertySourceProperties = '{org.springframework.boot.test.context.SpringBootTestContextBootstrapper=true}', contextCustomizers = set[org.springframework.boot.test.autoconfigure.actuate.metrics.MetricsExportContextCustomizerFactory$DisableMetricExportContextCustomizer@4d18aa28, org.springframework.boot.test.autoconfigure.properties.PropertyMappingContextCustomizer@0, org.springframework.boot.test.autoconfigure.web.servlet.WebDriverContextCustomizerFactory$Customizer@10c626be, org.springframework.boot.test.context.filter.ExcludeFilterContextCustomizer@201b6b6f, org.springframework.boot.test.json.DuplicateJsonObjectContextCustomizerFactory$DuplicateJsonObjectContextCustomizer@67ab1c47, org.springframework.boot.test.mock.mockito.MockitoContextCustomizer@0, org.springframework.boot.test.web.client.TestRestTemplateContextCustomizer@14b030a0, org.springframework.boot.test.context.SpringBootTestArgs@1, org.springframework.boot.test.context.SpringBootTestWebEnvironment@70e38ce1], resourceBasePath = 'src/main/webapp', contextLoader = 'org.springframework.boot.test.context.SpringBootContextLoader', parent = [null]], attributes = map['org.springframework.test.context.web.ServletTestExecutionListener.activateListener' -> true, 'org.springframework.test.context.web.ServletTestExecutionListener.populatedRequestContextHolder' -> true, 'org.springframework.test.context.web.ServletTestExecutionListener.resetRequestContextHolder' -> true, 'org.springframework.test.context.event.ApplicationEventsTestExecutionListener.recordApplicationEvents' -> false]]
]]></system-out>
  <system-err><![CDATA[]]></system-err>
</testsuite>
