<?xml version="1.0" encoding="UTF-8"?>
<testsuite name="com.jpa.yanus.repository.MemberRepositoryTest" tests="1" skipped="0" failures="0" errors="0" timestamp="2024-01-08T02:57:46" hostname="rickyui-MacBookAir.local" time="0.798">
  <properties/>
  <testcase name="findByMemberIdAndPasswordTest()" classname="com.jpa.yanus.repository.MemberRepositoryTest" time="0.798"/>
  <system-out><![CDATA[?[2m2024-01-08 11:57:46.490?[0;39m ?[32m INFO?[0;39m ?[35m42179?[0;39m ?[2m---?[0;39m ?[2m[    Test worker]?[0;39m ?[36m.b.t.c.SpringBootTestContextBootstrapper?[0;39m ?[2m:?[0;39m Neither @ContextConfiguration nor @ContextHierarchy found for test class [com.jpa.yanus.repository.MemberRepositoryTest], using SpringBootContextLoader
?[2m2024-01-08 11:57:46.493?[0;39m ?[32m INFO?[0;39m ?[35m42179?[0;39m ?[2m---?[0;39m ?[2m[    Test worker]?[0;39m ?[36mo.s.t.c.support.AbstractContextLoader   ?[0;39m ?[2m:?[0;39m Could not detect default resource locations for test class [com.jpa.yanus.repository.MemberRepositoryTest]: no resource found for suffixes {-context.xml, Context.groovy}.
?[2m2024-01-08 11:57:46.494?[0;39m ?[32m INFO?[0;39m ?[35m42179?[0;39m ?[2m---?[0;39m ?[2m[    Test worker]?[0;39m ?[36mt.c.s.AnnotationConfigContextLoaderUtils?[0;39m ?[2m:?[0;39m Could not detect default configuration classes for test class [com.jpa.yanus.repository.MemberRepositoryTest]: MemberRepositoryTest does not declare any static, non-private, non-final, nested classes annotated with @Configuration.
?[2m2024-01-08 11:57:46.505?[0;39m ?[32m INFO?[0;39m ?[35m42179?[0;39m ?[2m---?[0;39m ?[2m[    Test worker]?[0;39m ?[36m.b.t.c.SpringBootTestContextBootstrapper?[0;39m ?[2m:?[0;39m Found @SpringBootConfiguration com.jpa.yanus.YanusApplication for test class com.jpa.yanus.repository.MemberRepositoryTest
?[2m2024-01-08 11:57:46.510?[0;39m ?[32m INFO?[0;39m ?[35m42179?[0;39m ?[2m---?[0;39m ?[2m[    Test worker]?[0;39m ?[36m.b.t.c.SpringBootTestContextBootstrapper?[0;39m ?[2m:?[0;39m Loaded default TestExecutionListener class names from location [META-INF/spring.factories]: [org.springframework.boot.test.autoconfigure.restdocs.RestDocsTestExecutionListener, org.springframework.boot.test.autoconfigure.web.client.MockRestServiceServerResetTestExecutionListener, org.springframework.boot.test.autoconfigure.web.servlet.MockMvcPrintOnlyOnFailureTestExecutionListener, org.springframework.boot.test.autoconfigure.web.servlet.WebDriverTestExecutionListener, org.springframework.boot.test.autoconfigure.webservices.client.MockWebServiceServerTestExecutionListener, org.springframework.boot.test.mock.mockito.MockitoTestExecutionListener, org.springframework.boot.test.mock.mockito.ResetMocksTestExecutionListener, org.springframework.test.context.web.ServletTestExecutionListener, org.springframework.test.context.support.DirtiesContextBeforeModesTestExecutionListener, org.springframework.test.context.event.ApplicationEventsTestExecutionListener, org.springframework.test.context.support.DependencyInjectionTestExecutionListener, org.springframework.test.context.support.DirtiesContextTestExecutionListener, org.springframework.test.context.transaction.TransactionalTestExecutionListener, org.springframework.test.context.jdbc.SqlScriptsTestExecutionListener, org.springframework.test.context.event.EventPublishingTestExecutionListener]
?[2m2024-01-08 11:57:46.510?[0;39m ?[32m INFO?[0;39m ?[35m42179?[0;39m ?[2m---?[0;39m ?[2m[    Test worker]?[0;39m ?[36m.b.t.c.SpringBootTestContextBootstrapper?[0;39m ?[2m:?[0;39m Using TestExecutionListeners: [org.springframework.test.context.web.ServletTestExecutionListener@1007954a, org.springframework.test.context.support.DirtiesContextBeforeModesTestExecutionListener@10770c1, org.springframework.test.context.event.ApplicationEventsTestExecutionListener@35ab0bf3, org.springframework.boot.test.mock.mockito.MockitoTestExecutionListener@dd26290, org.springframework.boot.test.autoconfigure.SpringBootDependencyInjectionTestExecutionListener@21d30ba5, org.springframework.test.context.support.DirtiesContextTestExecutionListener@1b68e626, org.springframework.test.context.transaction.TransactionalTestExecutionListener@7671922b, org.springframework.test.context.jdbc.SqlScriptsTestExecutionListener@6829b897, org.springframework.test.context.event.EventPublishingTestExecutionListener@519e0814, org.springframework.boot.test.autoconfigure.restdocs.RestDocsTestExecutionListener@d1b9dd7, org.springframework.boot.test.autoconfigure.web.client.MockRestServiceServerResetTestExecutionListener@7701b695, org.springframework.boot.test.autoconfigure.web.servlet.MockMvcPrintOnlyOnFailureTestExecutionListener@524945e2, org.springframework.boot.test.autoconfigure.web.servlet.WebDriverTestExecutionListener@73b63917, org.springframework.boot.test.autoconfigure.webservices.client.MockWebServiceServerTestExecutionListener@2292e793, org.springframework.boot.test.mock.mockito.ResetMocksTestExecutionListener@58dd584a]
?[2m2024-01-08 11:57:46.980?[0;39m ?[32m INFO?[0;39m ?[35m42179?[0;39m ?[2m---?[0;39m ?[2m[    Test worker]?[0;39m ?[36mo.s.t.c.transaction.TransactionContext  ?[0;39m ?[2m:?[0;39m Began transaction (1) for test context [DefaultTestContext@676f70dc testClass = MemberRepositoryTest, testInstance = com.jpa.yanus.repository.MemberRepositoryTest@2591477f, testMethod = findByMemberIdAndPasswordTest@MemberRepositoryTest, testException = [null], mergedContextConfiguration = [WebMergedContextConfiguration@761d3c20 testClass = MemberRepositoryTest, locations = '{}', classes = '{class com.jpa.yanus.YanusApplication}', contextInitializerClasses = '[]', activeProfiles = '{}', propertySourceLocations = '{}', propertySourceProperties = '{org.springframework.boot.test.context.SpringBootTestContextBootstrapper=true}', contextCustomizers = set[org.springframework.boot.test.autoconfigure.actuate.metrics.MetricsExportContextCustomizerFactory$DisableMetricExportContextCustomizer@60641ec8, org.springframework.boot.test.autoconfigure.properties.PropertyMappingContextCustomizer@0, org.springframework.boot.test.autoconfigure.web.servlet.WebDriverContextCustomizerFactory$Customizer@f667fe, org.springframework.boot.test.context.filter.ExcludeFilterContextCustomizer@10c626be, org.springframework.boot.test.json.DuplicateJsonObjectContextCustomizerFactory$DuplicateJsonObjectContextCustomizer@201b6b6f, org.springframework.boot.test.mock.mockito.MockitoContextCustomizer@0, org.springframework.boot.test.web.client.TestRestTemplateContextCustomizer@2bb7bd00, org.springframework.boot.test.context.SpringBootTestArgs@1, org.springframework.boot.test.context.SpringBootTestWebEnvironment@70e38ce1], resourceBasePath = 'src/main/webapp', contextLoader = 'org.springframework.boot.test.context.SpringBootContextLoader', parent = [null]], attributes = map['org.springframework.test.context.web.ServletTestExecutionListener.activateListener' -> true, 'org.springframework.test.context.web.ServletTestExecutionListener.populatedRequestContextHolder' -> true, 'org.springframework.test.context.web.ServletTestExecutionListener.resetRequestContextHolder' -> true, 'org.springframework.test.context.event.ApplicationEventsTestExecutionListener.recordApplicationEvents' -> false]]; transaction manager [org.springframework.orm.jpa.JpaTransactionManager@3f7b15bb]; rollback [false]
Hibernate: 
    select
        member0_.id as id1_1_,
        member0_.member_id as member_i2_1_,
        member0_.member_name as member_n3_1_,
        member0_.member_password as member_p4_1_,
        member0_.member_status as member_s5_1_,
        member0_.member_team_num as member_t6_1_,
        member0_.member_type as member_t7_1_ 
    from
        tbl_member member0_ 
    where
        member0_.member_id=? 
        and member0_.member_password=?
?[2m2024-01-08 11:57:47.264?[0;39m ?[32m INFO?[0;39m ?[35m42179?[0;39m ?[2m---?[0;39m ?[2m[    Test worker]?[0;39m ?[36mc.j.y.repository.MemberRepositoryTest   ?[0;39m ?[2m:?[0;39m Optional[Member(id=1, memberName=홍윤기, memberId=ricky0130, memberPassword=yunki123, memberTeamNum=2, memberStatus=ABLE, memberType=NORMAL)]
?[2m2024-01-08 11:57:47.316?[0;39m ?[32m INFO?[0;39m ?[35m42179?[0;39m ?[2m---?[0;39m ?[2m[    Test worker]?[0;39m ?[36mo.s.t.c.transaction.TransactionContext  ?[0;39m ?[2m:?[0;39m Committed transaction for test: [DefaultTestContext@676f70dc testClass = MemberRepositoryTest, testInstance = com.jpa.yanus.repository.MemberRepositoryTest@2591477f, testMethod = findByMemberIdAndPasswordTest@MemberRepositoryTest, testException = [null], mergedContextConfiguration = [WebMergedContextConfiguration@761d3c20 testClass = MemberRepositoryTest, locations = '{}', classes = '{class com.jpa.yanus.YanusApplication}', contextInitializerClasses = '[]', activeProfiles = '{}', propertySourceLocations = '{}', propertySourceProperties = '{org.springframework.boot.test.context.SpringBootTestContextBootstrapper=true}', contextCustomizers = set[org.springframework.boot.test.autoconfigure.actuate.metrics.MetricsExportContextCustomizerFactory$DisableMetricExportContextCustomizer@60641ec8, org.springframework.boot.test.autoconfigure.properties.PropertyMappingContextCustomizer@0, org.springframework.boot.test.autoconfigure.web.servlet.WebDriverContextCustomizerFactory$Customizer@f667fe, org.springframework.boot.test.context.filter.ExcludeFilterContextCustomizer@10c626be, org.springframework.boot.test.json.DuplicateJsonObjectContextCustomizerFactory$DuplicateJsonObjectContextCustomizer@201b6b6f, org.springframework.boot.test.mock.mockito.MockitoContextCustomizer@0, org.springframework.boot.test.web.client.TestRestTemplateContextCustomizer@2bb7bd00, org.springframework.boot.test.context.SpringBootTestArgs@1, org.springframework.boot.test.context.SpringBootTestWebEnvironment@70e38ce1], resourceBasePath = 'src/main/webapp', contextLoader = 'org.springframework.boot.test.context.SpringBootContextLoader', parent = [null]], attributes = map['org.springframework.test.context.web.ServletTestExecutionListener.activateListener' -> true, 'org.springframework.test.context.web.ServletTestExecutionListener.populatedRequestContextHolder' -> true, 'org.springframework.test.context.web.ServletTestExecutionListener.resetRequestContextHolder' -> true, 'org.springframework.test.context.event.ApplicationEventsTestExecutionListener.recordApplicationEvents' -> false]]
]]></system-out>
  <system-err><![CDATA[]]></system-err>
</testsuite>
