<?xml version="1.0" encoding="UTF-8"?>
<testsuite name="com.jpa.yanus.entityTest.MemberTest" tests="3" skipped="0" failures="0" errors="0" timestamp="2025-05-27T11:09:27" hostname="rickyui-MacBookAir.local" time="0.141">
  <properties/>
  <testcase name="getMemberServiceTest()" classname="com.jpa.yanus.entityTest.MemberTest" time="0.051"/>
  <testcase name="findByMemberId()" classname="com.jpa.yanus.entityTest.MemberTest" time="0.033"/>
  <testcase name="inputUser()" classname="com.jpa.yanus.entityTest.MemberTest" time="0.054"/>
  <system-out><![CDATA[?[2m2025-05-27 20:09:27.266?[0;39m ?[32m INFO?[0;39m ?[35m12102?[0;39m ?[2m---?[0;39m ?[2m[    Test worker]?[0;39m ?[36m.b.t.c.SpringBootTestContextBootstrapper?[0;39m ?[2m:?[0;39m Neither @ContextConfiguration nor @ContextHierarchy found for test class [com.jpa.yanus.entityTest.MemberTest], using SpringBootContextLoader
?[2m2025-05-27 20:09:27.270?[0;39m ?[32m INFO?[0;39m ?[35m12102?[0;39m ?[2m---?[0;39m ?[2m[    Test worker]?[0;39m ?[36mo.s.t.c.support.AbstractContextLoader   ?[0;39m ?[2m:?[0;39m Could not detect default resource locations for test class [com.jpa.yanus.entityTest.MemberTest]: no resource found for suffixes {-context.xml, Context.groovy}.
?[2m2025-05-27 20:09:27.270?[0;39m ?[32m INFO?[0;39m ?[35m12102?[0;39m ?[2m---?[0;39m ?[2m[    Test worker]?[0;39m ?[36mt.c.s.AnnotationConfigContextLoaderUtils?[0;39m ?[2m:?[0;39m Could not detect default configuration classes for test class [com.jpa.yanus.entityTest.MemberTest]: MemberTest does not declare any static, non-private, non-final, nested classes annotated with @Configuration.
?[2m2025-05-27 20:09:27.274?[0;39m ?[32m INFO?[0;39m ?[35m12102?[0;39m ?[2m---?[0;39m ?[2m[    Test worker]?[0;39m ?[36m.b.t.c.SpringBootTestContextBootstrapper?[0;39m ?[2m:?[0;39m Found @SpringBootConfiguration com.jpa.yanus.YanusApplication for test class com.jpa.yanus.entityTest.MemberTest
?[2m2025-05-27 20:09:27.279?[0;39m ?[32m INFO?[0;39m ?[35m12102?[0;39m ?[2m---?[0;39m ?[2m[    Test worker]?[0;39m ?[36m.b.t.c.SpringBootTestContextBootstrapper?[0;39m ?[2m:?[0;39m Loaded default TestExecutionListener class names from location [META-INF/spring.factories]: [org.springframework.boot.test.autoconfigure.restdocs.RestDocsTestExecutionListener, org.springframework.boot.test.autoconfigure.web.client.MockRestServiceServerResetTestExecutionListener, org.springframework.boot.test.autoconfigure.web.servlet.MockMvcPrintOnlyOnFailureTestExecutionListener, org.springframework.boot.test.autoconfigure.web.servlet.WebDriverTestExecutionListener, org.springframework.boot.test.autoconfigure.webservices.client.MockWebServiceServerTestExecutionListener, org.springframework.boot.test.mock.mockito.MockitoTestExecutionListener, org.springframework.boot.test.mock.mockito.ResetMocksTestExecutionListener, org.springframework.test.context.web.ServletTestExecutionListener, org.springframework.test.context.support.DirtiesContextBeforeModesTestExecutionListener, org.springframework.test.context.event.ApplicationEventsTestExecutionListener, org.springframework.test.context.support.DependencyInjectionTestExecutionListener, org.springframework.test.context.support.DirtiesContextTestExecutionListener, org.springframework.test.context.transaction.TransactionalTestExecutionListener, org.springframework.test.context.jdbc.SqlScriptsTestExecutionListener, org.springframework.test.context.event.EventPublishingTestExecutionListener]
?[2m2025-05-27 20:09:27.279?[0;39m ?[32m INFO?[0;39m ?[35m12102?[0;39m ?[2m---?[0;39m ?[2m[    Test worker]?[0;39m ?[36m.b.t.c.SpringBootTestContextBootstrapper?[0;39m ?[2m:?[0;39m Using TestExecutionListeners: [org.springframework.test.context.web.ServletTestExecutionListener@34fde3a3, org.springframework.test.context.support.DirtiesContextBeforeModesTestExecutionListener@4cdb7fd9, org.springframework.test.context.event.ApplicationEventsTestExecutionListener@5d9639bb, org.springframework.boot.test.mock.mockito.MockitoTestExecutionListener@796687de, org.springframework.boot.test.autoconfigure.SpringBootDependencyInjectionTestExecutionListener@225d93aa, org.springframework.test.context.support.DirtiesContextTestExecutionListener@35ef158f, org.springframework.test.context.transaction.TransactionalTestExecutionListener@59d8a968, org.springframework.test.context.jdbc.SqlScriptsTestExecutionListener@14cd8dfa, org.springframework.test.context.event.EventPublishingTestExecutionListener@5a438c0a, org.springframework.boot.test.autoconfigure.restdocs.RestDocsTestExecutionListener@174da9a0, org.springframework.boot.test.autoconfigure.web.client.MockRestServiceServerResetTestExecutionListener@b42d1c8, org.springframework.boot.test.autoconfigure.web.servlet.MockMvcPrintOnlyOnFailureTestExecutionListener@73983f07, org.springframework.boot.test.autoconfigure.web.servlet.WebDriverTestExecutionListener@35fddea2, org.springframework.boot.test.autoconfigure.webservices.client.MockWebServiceServerTestExecutionListener@4f876114, org.springframework.boot.test.mock.mockito.ResetMocksTestExecutionListener@52d625bd]
?[2m2025-05-27 20:09:27.299?[0;39m ?[32m INFO?[0;39m ?[35m12102?[0;39m ?[2m---?[0;39m ?[2m[    Test worker]?[0;39m ?[36mo.s.t.c.transaction.TransactionContext  ?[0;39m ?[2m:?[0;39m Began transaction (1) for test context [DefaultTestContext@3bd7829b testClass = MemberTest, testInstance = com.jpa.yanus.entityTest.MemberTest@4faccb34, testMethod = getMemberServiceTest@MemberTest, testException = [null], mergedContextConfiguration = [WebMergedContextConfiguration@2cb4e4b1 testClass = MemberTest, locations = '{}', classes = '{class com.jpa.yanus.YanusApplication}', contextInitializerClasses = '[]', activeProfiles = '{}', propertySourceLocations = '{}', propertySourceProperties = '{org.springframework.boot.test.context.SpringBootTestContextBootstrapper=true}', contextCustomizers = set[org.springframework.boot.test.autoconfigure.actuate.metrics.MetricsExportContextCustomizerFactory$DisableMetricExportContextCustomizer@4d18aa28, org.springframework.boot.test.autoconfigure.properties.PropertyMappingContextCustomizer@0, org.springframework.boot.test.autoconfigure.web.servlet.WebDriverContextCustomizerFactory$Customizer@10c626be, org.springframework.boot.test.context.filter.ExcludeFilterContextCustomizer@201b6b6f, org.springframework.boot.test.json.DuplicateJsonObjectContextCustomizerFactory$DuplicateJsonObjectContextCustomizer@67ab1c47, org.springframework.boot.test.mock.mockito.MockitoContextCustomizer@0, org.springframework.boot.test.web.client.TestRestTemplateContextCustomizer@14b030a0, org.springframework.boot.test.context.SpringBootTestArgs@1, org.springframework.boot.test.context.SpringBootTestWebEnvironment@70e38ce1], resourceBasePath = 'src/main/webapp', contextLoader = 'org.springframework.boot.test.context.SpringBootContextLoader', parent = [null]], attributes = map['org.springframework.test.context.web.ServletTestExecutionListener.activateListener' -> true, 'org.springframework.test.context.web.ServletTestExecutionListener.populatedRequestContextHolder' -> true, 'org.springframework.test.context.web.ServletTestExecutionListener.resetRequestContextHolder' -> true, 'org.springframework.test.context.event.ApplicationEventsTestExecutionListener.recordApplicationEvents' -> false]]; transaction manager [org.springframework.orm.jpa.JpaTransactionManager@21cb5648]; rollback [false]
Hibernate: 
    select
        member0_.id as id1_2_,
        member0_.member_id as member_i2_2_,
        member0_.member_name as member_n3_2_,
        member0_.member_password as member_p4_2_,
        member0_.member_status as member_s5_2_,
        member0_.member_team_num as member_t6_2_,
        member0_.member_type as member_t7_2_ 
    from
        tbl_member member0_ 
    where
        member0_.member_id=? 
        and member0_.member_password=?
?[2m2025-05-27 20:09:27.342?[0;39m ?[32m INFO?[0;39m ?[35m12102?[0;39m ?[2m---?[0;39m ?[2m[    Test worker]?[0;39m ?[36mcom.jpa.yanus.entityTest.MemberTest     ?[0;39m ?[2m:?[0;39m Optional.empty
?[2m2025-05-27 20:09:27.346?[0;39m ?[32m INFO?[0;39m ?[35m12102?[0;39m ?[2m---?[0;39m ?[2m[    Test worker]?[0;39m ?[36mo.s.t.c.transaction.TransactionContext  ?[0;39m ?[2m:?[0;39m Committed transaction for test: [DefaultTestContext@3bd7829b testClass = MemberTest, testInstance = com.jpa.yanus.entityTest.MemberTest@4faccb34, testMethod = getMemberServiceTest@MemberTest, testException = [null], mergedContextConfiguration = [WebMergedContextConfiguration@2cb4e4b1 testClass = MemberTest, locations = '{}', classes = '{class com.jpa.yanus.YanusApplication}', contextInitializerClasses = '[]', activeProfiles = '{}', propertySourceLocations = '{}', propertySourceProperties = '{org.springframework.boot.test.context.SpringBootTestContextBootstrapper=true}', contextCustomizers = set[org.springframework.boot.test.autoconfigure.actuate.metrics.MetricsExportContextCustomizerFactory$DisableMetricExportContextCustomizer@4d18aa28, org.springframework.boot.test.autoconfigure.properties.PropertyMappingContextCustomizer@0, org.springframework.boot.test.autoconfigure.web.servlet.WebDriverContextCustomizerFactory$Customizer@10c626be, org.springframework.boot.test.context.filter.ExcludeFilterContextCustomizer@201b6b6f, org.springframework.boot.test.json.DuplicateJsonObjectContextCustomizerFactory$DuplicateJsonObjectContextCustomizer@67ab1c47, org.springframework.boot.test.mock.mockito.MockitoContextCustomizer@0, org.springframework.boot.test.web.client.TestRestTemplateContextCustomizer@14b030a0, org.springframework.boot.test.context.SpringBootTestArgs@1, org.springframework.boot.test.context.SpringBootTestWebEnvironment@70e38ce1], resourceBasePath = 'src/main/webapp', contextLoader = 'org.springframework.boot.test.context.SpringBootContextLoader', parent = [null]], attributes = map['org.springframework.test.context.web.ServletTestExecutionListener.activateListener' -> true, 'org.springframework.test.context.web.ServletTestExecutionListener.populatedRequestContextHolder' -> true, 'org.springframework.test.context.web.ServletTestExecutionListener.resetRequestContextHolder' -> true, 'org.springframework.test.context.event.ApplicationEventsTestExecutionListener.recordApplicationEvents' -> false]]
?[2m2025-05-27 20:09:27.350?[0;39m ?[32m INFO?[0;39m ?[35m12102?[0;39m ?[2m---?[0;39m ?[2m[    Test worker]?[0;39m ?[36mo.s.t.c.transaction.TransactionContext  ?[0;39m ?[2m:?[0;39m Began transaction (1) for test context [DefaultTestContext@3bd7829b testClass = MemberTest, testInstance = com.jpa.yanus.entityTest.MemberTest@1d1c5bb5, testMethod = findByMemberId@MemberTest, testException = [null], mergedContextConfiguration = [WebMergedContextConfiguration@2cb4e4b1 testClass = MemberTest, locations = '{}', classes = '{class com.jpa.yanus.YanusApplication}', contextInitializerClasses = '[]', activeProfiles = '{}', propertySourceLocations = '{}', propertySourceProperties = '{org.springframework.boot.test.context.SpringBootTestContextBootstrapper=true}', contextCustomizers = set[org.springframework.boot.test.autoconfigure.actuate.metrics.MetricsExportContextCustomizerFactory$DisableMetricExportContextCustomizer@4d18aa28, org.springframework.boot.test.autoconfigure.properties.PropertyMappingContextCustomizer@0, org.springframework.boot.test.autoconfigure.web.servlet.WebDriverContextCustomizerFactory$Customizer@10c626be, org.springframework.boot.test.context.filter.ExcludeFilterContextCustomizer@201b6b6f, org.springframework.boot.test.json.DuplicateJsonObjectContextCustomizerFactory$DuplicateJsonObjectContextCustomizer@67ab1c47, org.springframework.boot.test.mock.mockito.MockitoContextCustomizer@0, org.springframework.boot.test.web.client.TestRestTemplateContextCustomizer@14b030a0, org.springframework.boot.test.context.SpringBootTestArgs@1, org.springframework.boot.test.context.SpringBootTestWebEnvironment@70e38ce1], resourceBasePath = 'src/main/webapp', contextLoader = 'org.springframework.boot.test.context.SpringBootContextLoader', parent = [null]], attributes = map['org.springframework.test.context.web.ServletTestExecutionListener.activateListener' -> true, 'org.springframework.test.context.web.ServletTestExecutionListener.populatedRequestContextHolder' -> true, 'org.springframework.test.context.web.ServletTestExecutionListener.resetRequestContextHolder' -> true, 'org.springframework.test.context.event.ApplicationEventsTestExecutionListener.recordApplicationEvents' -> false]]; transaction manager [org.springframework.orm.jpa.JpaTransactionManager@21cb5648]; rollback [false]
Hibernate: 
    select
        member0_.id as id1_2_0_,
        member0_.member_id as member_i2_2_0_,
        member0_.member_name as member_n3_2_0_,
        member0_.member_password as member_p4_2_0_,
        member0_.member_status as member_s5_2_0_,
        member0_.member_team_num as member_t6_2_0_,
        member0_.member_type as member_t7_2_0_ 
    from
        tbl_member member0_ 
    where
        member0_.id=?
?[2m2025-05-27 20:09:27.371?[0;39m ?[32m INFO?[0;39m ?[35m12102?[0;39m ?[2m---?[0;39m ?[2m[    Test worker]?[0;39m ?[36mcom.jpa.yanus.entityTest.MemberTest     ?[0;39m ?[2m:?[0;39m Optional.empty
?[2m2025-05-27 20:09:27.377?[0;39m ?[32m INFO?[0;39m ?[35m12102?[0;39m ?[2m---?[0;39m ?[2m[    Test worker]?[0;39m ?[36mo.s.t.c.transaction.TransactionContext  ?[0;39m ?[2m:?[0;39m Committed transaction for test: [DefaultTestContext@3bd7829b testClass = MemberTest, testInstance = com.jpa.yanus.entityTest.MemberTest@1d1c5bb5, testMethod = findByMemberId@MemberTest, testException = [null], mergedContextConfiguration = [WebMergedContextConfiguration@2cb4e4b1 testClass = MemberTest, locations = '{}', classes = '{class com.jpa.yanus.YanusApplication}', contextInitializerClasses = '[]', activeProfiles = '{}', propertySourceLocations = '{}', propertySourceProperties = '{org.springframework.boot.test.context.SpringBootTestContextBootstrapper=true}', contextCustomizers = set[org.springframework.boot.test.autoconfigure.actuate.metrics.MetricsExportContextCustomizerFactory$DisableMetricExportContextCustomizer@4d18aa28, org.springframework.boot.test.autoconfigure.properties.PropertyMappingContextCustomizer@0, org.springframework.boot.test.autoconfigure.web.servlet.WebDriverContextCustomizerFactory$Customizer@10c626be, org.springframework.boot.test.context.filter.ExcludeFilterContextCustomizer@201b6b6f, org.springframework.boot.test.json.DuplicateJsonObjectContextCustomizerFactory$DuplicateJsonObjectContextCustomizer@67ab1c47, org.springframework.boot.test.mock.mockito.MockitoContextCustomizer@0, org.springframework.boot.test.web.client.TestRestTemplateContextCustomizer@14b030a0, org.springframework.boot.test.context.SpringBootTestArgs@1, org.springframework.boot.test.context.SpringBootTestWebEnvironment@70e38ce1], resourceBasePath = 'src/main/webapp', contextLoader = 'org.springframework.boot.test.context.SpringBootContextLoader', parent = [null]], attributes = map['org.springframework.test.context.web.ServletTestExecutionListener.activateListener' -> true, 'org.springframework.test.context.web.ServletTestExecutionListener.populatedRequestContextHolder' -> true, 'org.springframework.test.context.web.ServletTestExecutionListener.resetRequestContextHolder' -> true, 'org.springframework.test.context.event.ApplicationEventsTestExecutionListener.recordApplicationEvents' -> false]]
?[2m2025-05-27 20:09:27.385?[0;39m ?[32m INFO?[0;39m ?[35m12102?[0;39m ?[2m---?[0;39m ?[2m[    Test worker]?[0;39m ?[36mo.s.t.c.transaction.TransactionContext  ?[0;39m ?[2m:?[0;39m Began transaction (1) for test context [DefaultTestContext@3bd7829b testClass = MemberTest, testInstance = com.jpa.yanus.entityTest.MemberTest@17931cc0, testMethod = inputUser@MemberTest, testException = [null], mergedContextConfiguration = [WebMergedContextConfiguration@2cb4e4b1 testClass = MemberTest, locations = '{}', classes = '{class com.jpa.yanus.YanusApplication}', contextInitializerClasses = '[]', activeProfiles = '{}', propertySourceLocations = '{}', propertySourceProperties = '{org.springframework.boot.test.context.SpringBootTestContextBootstrapper=true}', contextCustomizers = set[org.springframework.boot.test.autoconfigure.actuate.metrics.MetricsExportContextCustomizerFactory$DisableMetricExportContextCustomizer@4d18aa28, org.springframework.boot.test.autoconfigure.properties.PropertyMappingContextCustomizer@0, org.springframework.boot.test.autoconfigure.web.servlet.WebDriverContextCustomizerFactory$Customizer@10c626be, org.springframework.boot.test.context.filter.ExcludeFilterContextCustomizer@201b6b6f, org.springframework.boot.test.json.DuplicateJsonObjectContextCustomizerFactory$DuplicateJsonObjectContextCustomizer@67ab1c47, org.springframework.boot.test.mock.mockito.MockitoContextCustomizer@0, org.springframework.boot.test.web.client.TestRestTemplateContextCustomizer@14b030a0, org.springframework.boot.test.context.SpringBootTestArgs@1, org.springframework.boot.test.context.SpringBootTestWebEnvironment@70e38ce1], resourceBasePath = 'src/main/webapp', contextLoader = 'org.springframework.boot.test.context.SpringBootContextLoader', parent = [null]], attributes = map['org.springframework.test.context.web.ServletTestExecutionListener.activateListener' -> true, 'org.springframework.test.context.web.ServletTestExecutionListener.populatedRequestContextHolder' -> true, 'org.springframework.test.context.web.ServletTestExecutionListener.resetRequestContextHolder' -> true, 'org.springframework.test.context.event.ApplicationEventsTestExecutionListener.recordApplicationEvents' -> false]]; transaction manager [org.springframework.orm.jpa.JpaTransactionManager@21cb5648]; rollback [false]
Hibernate: 
    select
        next_val as id_val 
    from
        hibernate_sequence for update
            
Hibernate: 
    update
        hibernate_sequence 
    set
        next_val= ? 
    where
        next_val=?
Hibernate: 
    insert 
    into
        tbl_member
        (member_id, member_name, member_password, member_status, member_team_num, member_type, id) 
    values
        (?, ?, ?, ?, ?, ?, ?)
?[2m2025-05-27 20:09:27.435?[0;39m ?[32m INFO?[0;39m ?[35m12102?[0;39m ?[2m---?[0;39m ?[2m[    Test worker]?[0;39m ?[36mo.s.t.c.transaction.TransactionContext  ?[0;39m ?[2m:?[0;39m Committed transaction for test: [DefaultTestContext@3bd7829b testClass = MemberTest, testInstance = com.jpa.yanus.entityTest.MemberTest@17931cc0, testMethod = inputUser@MemberTest, testException = [null], mergedContextConfiguration = [WebMergedContextConfiguration@2cb4e4b1 testClass = MemberTest, locations = '{}', classes = '{class com.jpa.yanus.YanusApplication}', contextInitializerClasses = '[]', activeProfiles = '{}', propertySourceLocations = '{}', propertySourceProperties = '{org.springframework.boot.test.context.SpringBootTestContextBootstrapper=true}', contextCustomizers = set[org.springframework.boot.test.autoconfigure.actuate.metrics.MetricsExportContextCustomizerFactory$DisableMetricExportContextCustomizer@4d18aa28, org.springframework.boot.test.autoconfigure.properties.PropertyMappingContextCustomizer@0, org.springframework.boot.test.autoconfigure.web.servlet.WebDriverContextCustomizerFactory$Customizer@10c626be, org.springframework.boot.test.context.filter.ExcludeFilterContextCustomizer@201b6b6f, org.springframework.boot.test.json.DuplicateJsonObjectContextCustomizerFactory$DuplicateJsonObjectContextCustomizer@67ab1c47, org.springframework.boot.test.mock.mockito.MockitoContextCustomizer@0, org.springframework.boot.test.web.client.TestRestTemplateContextCustomizer@14b030a0, org.springframework.boot.test.context.SpringBootTestArgs@1, org.springframework.boot.test.context.SpringBootTestWebEnvironment@70e38ce1], resourceBasePath = 'src/main/webapp', contextLoader = 'org.springframework.boot.test.context.SpringBootContextLoader', parent = [null]], attributes = map['org.springframework.test.context.web.ServletTestExecutionListener.activateListener' -> true, 'org.springframework.test.context.web.ServletTestExecutionListener.populatedRequestContextHolder' -> true, 'org.springframework.test.context.web.ServletTestExecutionListener.resetRequestContextHolder' -> true, 'org.springframework.test.context.event.ApplicationEventsTestExecutionListener.recordApplicationEvents' -> false]]
]]></system-out>
  <system-err><![CDATA[]]></system-err>
</testsuite>
