<?xml version="1.0" encoding="UTF-8"?>
<testsuite name="com.jpa.yanus.repository.AttendanceRepositoryTest" tests="2" skipped="0" failures="0" errors="0" timestamp="2025-05-27T11:09:27" hostname="rickyui-MacBookAir.local" time="0.067">
  <properties/>
  <testcase name="findMostResentAttendanceByTeamNum()" classname="com.jpa.yanus.repository.AttendanceRepositoryTest" time="0.052"/>
  <testcase name="findMostRecentAttendanceByMemberTest()" classname="com.jpa.yanus.repository.AttendanceRepositoryTest" time="0.013"/>
  <system-out><![CDATA[?[2m2025-05-27 20:09:27.444?[0;39m ?[32m INFO?[0;39m ?[35m12102?[0;39m ?[2m---?[0;39m ?[2m[    Test worker]?[0;39m ?[36m.b.t.c.SpringBootTestContextBootstrapper?[0;39m ?[2m:?[0;39m Neither @ContextConfiguration nor @ContextHierarchy found for test class [com.jpa.yanus.repository.AttendanceRepositoryTest], using SpringBootContextLoader
?[2m2025-05-27 20:09:27.445?[0;39m ?[32m INFO?[0;39m ?[35m12102?[0;39m ?[2m---?[0;39m ?[2m[    Test worker]?[0;39m ?[36mo.s.t.c.support.AbstractContextLoader   ?[0;39m ?[2m:?[0;39m Could not detect default resource locations for test class [com.jpa.yanus.repository.AttendanceRepositoryTest]: no resource found for suffixes {-context.xml, Context.groovy}.
?[2m2025-05-27 20:09:27.445?[0;39m ?[32m INFO?[0;39m ?[35m12102?[0;39m ?[2m---?[0;39m ?[2m[    Test worker]?[0;39m ?[36mt.c.s.AnnotationConfigContextLoaderUtils?[0;39m ?[2m:?[0;39m Could not detect default configuration classes for test class [com.jpa.yanus.repository.AttendanceRepositoryTest]: AttendanceRepositoryTest does not declare any static, non-private, non-final, nested classes annotated with @Configuration.
?[2m2025-05-27 20:09:27.459?[0;39m ?[32m INFO?[0;39m ?[35m12102?[0;39m ?[2m---?[0;39m ?[2m[    Test worker]?[0;39m ?[36m.b.t.c.SpringBootTestContextBootstrapper?[0;39m ?[2m:?[0;39m Found @SpringBootConfiguration com.jpa.yanus.YanusApplication for test class com.jpa.yanus.repository.AttendanceRepositoryTest
?[2m2025-05-27 20:09:27.461?[0;39m ?[32m INFO?[0;39m ?[35m12102?[0;39m ?[2m---?[0;39m ?[2m[    Test worker]?[0;39m ?[36m.b.t.c.SpringBootTestContextBootstrapper?[0;39m ?[2m:?[0;39m Loaded default TestExecutionListener class names from location [META-INF/spring.factories]: [org.springframework.boot.test.autoconfigure.restdocs.RestDocsTestExecutionListener, org.springframework.boot.test.autoconfigure.web.client.MockRestServiceServerResetTestExecutionListener, org.springframework.boot.test.autoconfigure.web.servlet.MockMvcPrintOnlyOnFailureTestExecutionListener, org.springframework.boot.test.autoconfigure.web.servlet.WebDriverTestExecutionListener, org.springframework.boot.test.autoconfigure.webservices.client.MockWebServiceServerTestExecutionListener, org.springframework.boot.test.mock.mockito.MockitoTestExecutionListener, org.springframework.boot.test.mock.mockito.ResetMocksTestExecutionListener, org.springframework.test.context.web.ServletTestExecutionListener, org.springframework.test.context.support.DirtiesContextBeforeModesTestExecutionListener, org.springframework.test.context.event.ApplicationEventsTestExecutionListener, org.springframework.test.context.support.DependencyInjectionTestExecutionListener, org.springframework.test.context.support.DirtiesContextTestExecutionListener, org.springframework.test.context.transaction.TransactionalTestExecutionListener, org.springframework.test.context.jdbc.SqlScriptsTestExecutionListener, org.springframework.test.context.event.EventPublishingTestExecutionListener]
?[2m2025-05-27 20:09:27.462?[0;39m ?[32m INFO?[0;39m ?[35m12102?[0;39m ?[2m---?[0;39m ?[2m[    Test worker]?[0;39m ?[36m.b.t.c.SpringBootTestContextBootstrapper?[0;39m ?[2m:?[0;39m Using TestExecutionListeners: [org.springframework.test.context.web.ServletTestExecutionListener@2c5e2a44, org.springframework.test.context.support.DirtiesContextBeforeModesTestExecutionListener@1ef585bb, org.springframework.test.context.event.ApplicationEventsTestExecutionListener@4caca86d, org.springframework.boot.test.mock.mockito.MockitoTestExecutionListener@4bf2c697, org.springframework.boot.test.autoconfigure.SpringBootDependencyInjectionTestExecutionListener@16a3d9a7, org.springframework.test.context.support.DirtiesContextTestExecutionListener@24c94e95, org.springframework.test.context.transaction.TransactionalTestExecutionListener@d8f65a1, org.springframework.test.context.jdbc.SqlScriptsTestExecutionListener@5014ccf9, org.springframework.test.context.event.EventPublishingTestExecutionListener@58f259bd, org.springframework.boot.test.autoconfigure.restdocs.RestDocsTestExecutionListener@362109d0, org.springframework.boot.test.autoconfigure.web.client.MockRestServiceServerResetTestExecutionListener@4075c0d8, org.springframework.boot.test.autoconfigure.web.servlet.MockMvcPrintOnlyOnFailureTestExecutionListener@3670af2b, org.springframework.boot.test.autoconfigure.web.servlet.WebDriverTestExecutionListener@7c8537e9, org.springframework.boot.test.autoconfigure.webservices.client.MockWebServiceServerTestExecutionListener@42d4de20, org.springframework.boot.test.mock.mockito.ResetMocksTestExecutionListener@2cc9a5a2]
?[2m2025-05-27 20:09:27.477?[0;39m ?[32m INFO?[0;39m ?[35m12102?[0;39m ?[2m---?[0;39m ?[2m[    Test worker]?[0;39m ?[36mo.s.t.c.transaction.TransactionContext  ?[0;39m ?[2m:?[0;39m Began transaction (1) for test context [DefaultTestContext@21e60eed testClass = AttendanceRepositoryTest, testInstance = com.jpa.yanus.repository.AttendanceRepositoryTest@2b43eb71, testMethod = findMostResentAttendanceByTeamNum@AttendanceRepositoryTest, testException = [null], mergedContextConfiguration = [WebMergedContextConfiguration@2f32fe68 testClass = AttendanceRepositoryTest, locations = '{}', classes = '{class com.jpa.yanus.YanusApplication}', contextInitializerClasses = '[]', activeProfiles = '{}', propertySourceLocations = '{}', propertySourceProperties = '{org.springframework.boot.test.context.SpringBootTestContextBootstrapper=true}', contextCustomizers = set[org.springframework.boot.test.autoconfigure.actuate.metrics.MetricsExportContextCustomizerFactory$DisableMetricExportContextCustomizer@4d18aa28, org.springframework.boot.test.autoconfigure.properties.PropertyMappingContextCustomizer@0, org.springframework.boot.test.autoconfigure.web.servlet.WebDriverContextCustomizerFactory$Customizer@10c626be, org.springframework.boot.test.context.filter.ExcludeFilterContextCustomizer@201b6b6f, org.springframework.boot.test.json.DuplicateJsonObjectContextCustomizerFactory$DuplicateJsonObjectContextCustomizer@67ab1c47, org.springframework.boot.test.mock.mockito.MockitoContextCustomizer@0, org.springframework.boot.test.web.client.TestRestTemplateContextCustomizer@14b030a0, org.springframework.boot.test.context.SpringBootTestArgs@1, org.springframework.boot.test.context.SpringBootTestWebEnvironment@70e38ce1], resourceBasePath = 'src/main/webapp', contextLoader = 'org.springframework.boot.test.context.SpringBootContextLoader', parent = [null]], attributes = map['org.springframework.test.context.web.ServletTestExecutionListener.activateListener' -> true, 'org.springframework.test.context.web.ServletTestExecutionListener.populatedRequestContextHolder' -> true, 'org.springframework.test.context.web.ServletTestExecutionListener.resetRequestContextHolder' -> true, 'org.springframework.test.context.event.ApplicationEventsTestExecutionListener.recordApplicationEvents' -> false]]; transaction manager [org.springframework.orm.jpa.JpaTransactionManager@21cb5648]; rollback [false]
Hibernate: 
    select
        attendance0_.id as col_0_0_,
        attendance0_.check_in_time as col_1_0_,
        attendance0_.check_out_time as col_2_0_,
        attendance0_.check_out_time as col_3_0_,
        member1_.member_name as col_4_0_,
        member1_.member_team_num as col_5_0_ 
    from
        tbl_attendance attendance0_ 
    inner join
        tbl_member member1_ 
            on attendance0_.member_id=member1_.id 
    where
        member1_.member_team_num=? 
        and attendance0_.check_in_time=(
            select
                min(attendance2_.check_in_time) 
            from
                tbl_attendance attendance2_ 
            where
                attendance2_.member_id=member1_.id 
                and (
                    attendance2_.check_in_time between ? and ?
                )
        ) 
    order by
        attendance0_.check_in_time asc
?[2m2025-05-27 20:09:27.514?[0;39m ?[32m INFO?[0;39m ?[35m12102?[0;39m ?[2m---?[0;39m ?[2m[    Test worker]?[0;39m ?[36mc.j.y.repository.AttendanceQueryDSLImpl ?[0;39m ?[2m:?[0;39m []QueryDSL
?[2m2025-05-27 20:09:27.517?[0;39m ?[32m INFO?[0;39m ?[35m12102?[0;39m ?[2m---?[0;39m ?[2m[    Test worker]?[0;39m ?[36mc.j.y.r.AttendanceRepositoryTest        ?[0;39m ?[2m:?[0;39m []
?[2m2025-05-27 20:09:27.522?[0;39m ?[32m INFO?[0;39m ?[35m12102?[0;39m ?[2m---?[0;39m ?[2m[    Test worker]?[0;39m ?[36mo.s.t.c.transaction.TransactionContext  ?[0;39m ?[2m:?[0;39m Committed transaction for test: [DefaultTestContext@21e60eed testClass = AttendanceRepositoryTest, testInstance = com.jpa.yanus.repository.AttendanceRepositoryTest@2b43eb71, testMethod = findMostResentAttendanceByTeamNum@AttendanceRepositoryTest, testException = [null], mergedContextConfiguration = [WebMergedContextConfiguration@2f32fe68 testClass = AttendanceRepositoryTest, locations = '{}', classes = '{class com.jpa.yanus.YanusApplication}', contextInitializerClasses = '[]', activeProfiles = '{}', propertySourceLocations = '{}', propertySourceProperties = '{org.springframework.boot.test.context.SpringBootTestContextBootstrapper=true}', contextCustomizers = set[org.springframework.boot.test.autoconfigure.actuate.metrics.MetricsExportContextCustomizerFactory$DisableMetricExportContextCustomizer@4d18aa28, org.springframework.boot.test.autoconfigure.properties.PropertyMappingContextCustomizer@0, org.springframework.boot.test.autoconfigure.web.servlet.WebDriverContextCustomizerFactory$Customizer@10c626be, org.springframework.boot.test.context.filter.ExcludeFilterContextCustomizer@201b6b6f, org.springframework.boot.test.json.DuplicateJsonObjectContextCustomizerFactory$DuplicateJsonObjectContextCustomizer@67ab1c47, org.springframework.boot.test.mock.mockito.MockitoContextCustomizer@0, org.springframework.boot.test.web.client.TestRestTemplateContextCustomizer@14b030a0, org.springframework.boot.test.context.SpringBootTestArgs@1, org.springframework.boot.test.context.SpringBootTestWebEnvironment@70e38ce1], resourceBasePath = 'src/main/webapp', contextLoader = 'org.springframework.boot.test.context.SpringBootContextLoader', parent = [null]], attributes = map['org.springframework.test.context.web.ServletTestExecutionListener.activateListener' -> true, 'org.springframework.test.context.web.ServletTestExecutionListener.populatedRequestContextHolder' -> true, 'org.springframework.test.context.web.ServletTestExecutionListener.resetRequestContextHolder' -> true, 'org.springframework.test.context.event.ApplicationEventsTestExecutionListener.recordApplicationEvents' -> false]]
?[2m2025-05-27 20:09:27.528?[0;39m ?[32m INFO?[0;39m ?[35m12102?[0;39m ?[2m---?[0;39m ?[2m[    Test worker]?[0;39m ?[36mo.s.t.c.transaction.TransactionContext  ?[0;39m ?[2m:?[0;39m Began transaction (1) for test context [DefaultTestContext@21e60eed testClass = AttendanceRepositoryTest, testInstance = com.jpa.yanus.repository.AttendanceRepositoryTest@500d4de8, testMethod = findMostRecentAttendanceByMemberTest@AttendanceRepositoryTest, testException = [null], mergedContextConfiguration = [WebMergedContextConfiguration@2f32fe68 testClass = AttendanceRepositoryTest, locations = '{}', classes = '{class com.jpa.yanus.YanusApplication}', contextInitializerClasses = '[]', activeProfiles = '{}', propertySourceLocations = '{}', propertySourceProperties = '{org.springframework.boot.test.context.SpringBootTestContextBootstrapper=true}', contextCustomizers = set[org.springframework.boot.test.autoconfigure.actuate.metrics.MetricsExportContextCustomizerFactory$DisableMetricExportContextCustomizer@4d18aa28, org.springframework.boot.test.autoconfigure.properties.PropertyMappingContextCustomizer@0, org.springframework.boot.test.autoconfigure.web.servlet.WebDriverContextCustomizerFactory$Customizer@10c626be, org.springframework.boot.test.context.filter.ExcludeFilterContextCustomizer@201b6b6f, org.springframework.boot.test.json.DuplicateJsonObjectContextCustomizerFactory$DuplicateJsonObjectContextCustomizer@67ab1c47, org.springframework.boot.test.mock.mockito.MockitoContextCustomizer@0, org.springframework.boot.test.web.client.TestRestTemplateContextCustomizer@14b030a0, org.springframework.boot.test.context.SpringBootTestArgs@1, org.springframework.boot.test.context.SpringBootTestWebEnvironment@70e38ce1], resourceBasePath = 'src/main/webapp', contextLoader = 'org.springframework.boot.test.context.SpringBootContextLoader', parent = [null]], attributes = map['org.springframework.test.context.web.ServletTestExecutionListener.activateListener' -> true, 'org.springframework.test.context.web.ServletTestExecutionListener.populatedRequestContextHolder' -> true, 'org.springframework.test.context.web.ServletTestExecutionListener.resetRequestContextHolder' -> true, 'org.springframework.test.context.event.ApplicationEventsTestExecutionListener.recordApplicationEvents' -> false]]; transaction manager [org.springframework.orm.jpa.JpaTransactionManager@21cb5648]; rollback [false]
?[2m2025-05-27 20:09:27.537?[0;39m ?[32m INFO?[0;39m ?[35m12102?[0;39m ?[2m---?[0;39m ?[2m[    Test worker]?[0;39m ?[36mo.s.t.c.transaction.TransactionContext  ?[0;39m ?[2m:?[0;39m Committed transaction for test: [DefaultTestContext@21e60eed testClass = AttendanceRepositoryTest, testInstance = com.jpa.yanus.repository.AttendanceRepositoryTest@500d4de8, testMethod = findMostRecentAttendanceByMemberTest@AttendanceRepositoryTest, testException = [null], mergedContextConfiguration = [WebMergedContextConfiguration@2f32fe68 testClass = AttendanceRepositoryTest, locations = '{}', classes = '{class com.jpa.yanus.YanusApplication}', contextInitializerClasses = '[]', activeProfiles = '{}', propertySourceLocations = '{}', propertySourceProperties = '{org.springframework.boot.test.context.SpringBootTestContextBootstrapper=true}', contextCustomizers = set[org.springframework.boot.test.autoconfigure.actuate.metrics.MetricsExportContextCustomizerFactory$DisableMetricExportContextCustomizer@4d18aa28, org.springframework.boot.test.autoconfigure.properties.PropertyMappingContextCustomizer@0, org.springframework.boot.test.autoconfigure.web.servlet.WebDriverContextCustomizerFactory$Customizer@10c626be, org.springframework.boot.test.context.filter.ExcludeFilterContextCustomizer@201b6b6f, org.springframework.boot.test.json.DuplicateJsonObjectContextCustomizerFactory$DuplicateJsonObjectContextCustomizer@67ab1c47, org.springframework.boot.test.mock.mockito.MockitoContextCustomizer@0, org.springframework.boot.test.web.client.TestRestTemplateContextCustomizer@14b030a0, org.springframework.boot.test.context.SpringBootTestArgs@1, org.springframework.boot.test.context.SpringBootTestWebEnvironment@70e38ce1], resourceBasePath = 'src/main/webapp', contextLoader = 'org.springframework.boot.test.context.SpringBootContextLoader', parent = [null]], attributes = map['org.springframework.test.context.web.ServletTestExecutionListener.activateListener' -> true, 'org.springframework.test.context.web.ServletTestExecutionListener.populatedRequestContextHolder' -> true, 'org.springframework.test.context.web.ServletTestExecutionListener.resetRequestContextHolder' -> true, 'org.springframework.test.context.event.ApplicationEventsTestExecutionListener.recordApplicationEvents' -> false]]
]]></system-out>
  <system-err><![CDATA[]]></system-err>
</testsuite>
